{"meta": {"format": 3, "version": "7.13.4", "timestamp": "2026-02-27T21:45:13.394464", "branch_coverage": false, "show_contexts": false}, "files": {"backend\\python\\__init__.py": {"executed_lines": [15, 16, 17, 18, 19, 21, 22, 23, 25, 37, 38, 39, 41, 59, 88, 128, 150], "summary": {"covered_lines": 17, "num_statements": 49, "percent_covered": 34.69387755102041, "percent_covered_display": "35", "missing_lines": 32, "excluded_lines": 0, "percent_statements_covered": 34.69387755102041, "percent_statements_covered_display": "35"}, "missing_lines": [64, 65, 66, 68, 69, 70, 71, 72, 73, 74, 76, 77, 79, 80, 81, 99, 102, 109, 110, 112, 115, 118, 119, 121, 133, 134, 136, 137, 140, 141, 143, 155], "excluded_lines": [], "functions": {"_dynamic_import": {"executed_lines": [], "summary": {"covered_lines": 0, "num_statements": 15, "percent_covered": 0.0, "percent_covered_display": "0", "missing_lines": 15, "excluded_lines": 0, "percent_statements_covered": 0.0, "percent_statements_covered_display": "0"}, "missing_lines": [64, 65, 66, 68, 69, 70, 71, 72, 73, 74, 76, 77, 79, 80, 81], "excluded_lines": [], "start_line": 59}, "initialize_backend": {"executed_lines": [], "summary": {"covered_lines": 0, "num_statements": 9, "percent_covered": 0.0, "percent_covered_display": "0", "missing_lines": 9, "excluded_lines": 0, "percent_statements_covered": 0.0, "percent_statements_covered_display": "0"}, "missing_lines": [99, 102, 109, 110, 112, 115, 118, 119, 121], "excluded_lines": [], "start_line": 88}, "_validate_system_environment": {"executed_lines": [], "summary": {"covered_lines": 0, "num_statements": 7, "percent_covered": 0.0, "percent_covered_display": "0", "missing_lines": 7, "excluded_lines": 0, "percent_statements_covered": 0.0, "percent_statements_covered_display": "0"}, "missing_lines": [133, 134, 136, 137, 140, 141, 143], "excluded_lines": [], "start_line": 128}, "get_backend_state": {"executed_lines": [], "summary": {"covered_lines": 0, "num_statements": 1, "percent_covered": 0.0, "percent_covered_display": "0", "missing_lines": 1, "excluded_lines": 0, "percent_statements_covered": 0.0, "percent_statements_covered_display": "0"}, "missing_lines": [155], "excluded_lines": [], "start_line": 150}, "": {"executed_lines": [15, 16, 17, 18, 19, 21, 22, 23, 25, 37, 38, 39, 41, 59, 88, 128, 150], "summary": {"covered_lines": 17, "num_statements": 17, "percent_covered": 100.0, "percent_covered_display": "100", "missing_lines": 0, "excluded_lines": 0, "percent_statements_covered": 100.0, "percent_statements_covered_display": "100"}, "missing_lines": [], "excluded_lines": [], "start_line": 1}}, "classes": {"": {"executed_lines": [15, 16, 17, 18, 19, 21, 22, 23, 25, 37, 38, 39, 41, 59, 88, 128, 150], "summary": {"covered_lines": 17, "num_statements": 49, "percent_covered": 34.69387755102041, "percent_covered_display": "35", "missing_lines": 32, "excluded_lines": 0, "percent_statements_covered": 34.69387755102041, "percent_statements_covered_display": "35"}, "missing_lines": [64, 65, 66, 68, 69, 70, 71, 72, 73, 74, 76, 77, 79, 80, 81, 99, 102, 109, 110, 112, 115, 118, 119, 121, 133, 134, 136, 137, 140, 141, 143, 155], "excluded_lines": [], "start_line": 1}}}, "backend\\python\\adapters\\__init__.py": {"executed_lines": [1, 2, 4], "summary": {"covered_lines": 3, "num_statements": 3, "percent_covered": 100.0, "percent_covered_display": "100", "missing_lines": 0, "excluded_lines": 0, "percent_statements_covered": 100.0, "percent_statements_covered_display": "100"}, "missing_lines": [], "excluded_lines": [], "functions": {"": {"executed_lines": [1, 2, 4], "summary": {"covered_lines": 3, "num_statements": 3, "percent_covered": 100.0, "percent_covered_display": "100", "missing_lines": 0, "excluded_lines": 0, "percent_statements_covered": 100.0, "percent_statements_covered_display": "100"}, "missing_lines": [], "excluded_lines": [], "start_line": 1}}, "classes": {"": {"executed_lines": [1, 2, 4], "summary": {"covered_lines": 3, "num_statements": 3, "percent_covered": 100.0, "percent_covered_display": "100", "missing_lines": 0, "excluded_lines": 0, "percent_statements_covered": 100.0, "percent_statements_covered_display": "100"}, "missing_lines": [], "excluded_lines": [], "start_line": 1}}}, "backend\\python\\adapters\\browser_adapter.py": {"executed_lines": [1, 3, 6, 11, 12], "summary": {"covered_lines": 5, "num_statements": 12, "percent_covered": 41.666666666666664, "percent_covered_display": "42", "missing_lines": 7, "excluded_lines": 0, "percent_statements_covered": 41.666666666666664, "percent_statements_covered_display": "42"}, "missing_lines": [13, 14, 15, 16, 17, 19, 20], "excluded_lines": [], "functions": {"BrowserAdapter.open_url": {"executed_lines": [], "summary": {"covered_lines": 0, "num_statements": 7, "percent_covered": 0.0, "percent_covered_display": "0", "missing_lines": 7, "excluded_lines": 0, "percent_statements_covered": 0.0, "percent_statements_covered_display": "0"}, "missing_lines": [13, 14, 15, 16, 17, 19, 20], "excluded_lines": [], "start_line": 12}, "": {"executed_lines": [1, 3, 6, 11, 12], "summary": {"covered_lines": 5, "num_statements": 5, "percent_covered": 100.0, "percent_covered_display": "100", "missing_lines": 0, "excluded_lines": 0, "percent_statements_covered": 100.0, "percent_statements_covered_display": "100"}, "missing_lines": [], "excluded_lines": [], "start_line": 1}}, "classes": {"BrowserAdapter": {"executed_lines": [], "summary": {"covered_lines": 0, "num_statements": 7, "percent_covered": 0.0, "percent_covered_display": "0", "missing_lines": 7, "excluded_lines": 0, "percent_statements_covered": 0.0, "percent_statements_covered_display": "0"}, "missing_lines": [13, 14, 15, 16, 17, 19, 20], "excluded_lines": [], "start_line": 6}, "": {"executed_lines": [1, 3, 6, 11, 12], "summary": {"covered_lines": 5, "num_statements": 5, "percent_covered": 100.0, "percent_covered_display": "100", "missing_lines": 0, "excluded_lines": 0, "percent_statements_covered": 100.0, "percent_statements_covered_display": "100"}, "missing_lines": [], "excluded_lines": [], "start_line": 1}}}, "backend\\python\\adapters\\explorer_adapter.py": {"executed_lines": [1, 3, 4, 5, 6, 7, 10, 15, 16, 29, 30], "summary": {"covered_lines": 11, "num_statements": 30, "percent_covered": 36.666666666666664, "percent_covered_display": "37", "missing_lines": 19, "excluded_lines": 0, "percent_statements_covered": 36.666666666666664, "percent_statements_covered_display": "37"}, "missing_lines": [17, 18, 19, 21, 22, 23, 25, 27, 31, 32, 33, 35, 36, 37, 38, 41, 42, 43, 45], "excluded_lines": [], "functions": {"ExplorerAdapter.open_path": {"executed_lines": [], "summary": {"covered_lines": 0, "num_statements": 8, "percent_covered": 0.0, "percent_covered_display": "0", "missing_lines": 8, "excluded_lines": 0, "percent_statements_covered": 0.0, "percent_statements_covered_display": "0"}, "missing_lines": [17, 18, 19, 21, 22, 23, 25, 27], "excluded_lines": [], "start_line": 16}, "ExplorerAdapter.select_file": {"executed_lines": [], "summary": {"covered_lines": 0, "num_statements": 11, "percent_covered": 0.0, "percent_covered_display": "0", "missing_lines": 11, "excluded_lines": 0, "percent_statements_covered": 0.0, "percent_statements_covered_display": "0"}, "missing_lines": [31, 32, 33, 35, 36, 37, 38, 41, 42, 43, 45], "excluded_lines": [], "start_line": 30}, "": {"executed_lines": [1, 3, 4, 5, 6, 7, 10, 15, 16, 29, 30], "summary": {"covered_lines": 11, "num_statements": 11, "percent_covered": 100.0, "percent_covered_display": "100", "missing_lines": 0, "excluded_lines": 0, "percent_statements_covered": 100.0, "percent_statements_covered_display": "100"}, "missing_lines": [], "excluded_lines": [], "start_line": 1}}, "classes": {"ExplorerAdapter": {"executed_lines": [], "summary": {"covered_lines": 0, "num_statements": 19, "percent_covered": 0.0, "percent_covered_display": "0", "missing_lines": 19, "excluded_lines": 0, "percent_statements_covered": 0.0, "percent_statements_covered_display": "0"}, "missing_lines": [17, 18, 19, 21, 22, 23, 25, 27, 31, 32, 33, 35, 36, 37, 38, 41, 42, 43, 45], "excluded_lines": [], "start_line": 10}, "": {"executed_lines": [1, 3, 4, 5, 6, 7, 10, 15, 16, 29, 30], "summary": {"covered_lines": 11, "num_statements": 11, "percent_covered": 100.0, "percent_covered_display": "100", "missing_lines": 0, "excluded_lines": 0, "percent_statements_covered": 100.0, "percent_statements_covered_display": "100"}, "missing_lines": [], "excluded_lines": [], "start_line": 1}}}, "backend\\python\\agents\\__init__.py": {"executed_lines": [], "summary": {"covered_lines": 0, "num_statements": 8, "percent_covered": 0.0, "percent_covered_display": "0", "missing_lines": 8, "excluded_lines": 0, "percent_statements_covered": 0.0, "percent_statements_covered_display": "0"}, "missing_lines": [1, 2, 3, 4, 5, 6, 7, 9], "excluded_lines": [], "functions": {"": {"executed_lines": [], "summary": {"covered_lines": 0, "num_statements": 8, "percent_covered": 0.0, "percent_covered_display": "0", "missing_lines": 8, "excluded_lines": 0, "percent_statements_covered": 0.0, "percent_statements_covered_display": "0"}, "missing_lines": [1, 2, 3, 4, 5, 6, 7, 9], "excluded_lines": [], "start_line": 1}}, "classes": {"": {"executed_lines": [], "summary": {"covered_lines": 0, "num_statements": 8, "percent_covered": 0.0, "percent_covered_display": "0", "missing_lines": 8, "excluded_lines": 0, "percent_statements_covered": 0.0, "percent_statements_covered_display": "0"}, "missing_lines": [1, 2, 3, 4, 5, 6, 7, 9], "excluded_lines": [], "start_line": 1}}}, "backend\\python\\agents\\action_supervisor.py": {"executed_lines": [], "summary": {"covered_lines": 0, "num_statements": 26, "percent_covered": 0.0, "percent_covered_display": "0", "missing_lines": 26, "excluded_lines": 0, "percent_statements_covered": 0.0, "percent_statements_covered_display": "0"}, "missing_lines": [1, 2, 3, 4, 7, 13, 14, 15, 19, 20, 22, 23, 24, 25, 27, 31, 33, 35, 36, 37, 38, 39, 40, 42, 46, 48], "excluded_lines": [], "functions": {"ActionSupervisor.__init__": {"executed_lines": [], "summary": {"covered_lines": 0, "num_statements": 2, "percent_covered": 0.0, "percent_covered_display": "0", "missing_lines": 2, "excluded_lines": 0, "percent_statements_covered": 0.0, "percent_statements_covered_display": "0"}, "missing_lines": [14, 15], "excluded_lines": [], "start_line": 13}, "ActionSupervisor.execute_plan": {"executed_lines": [], "summary": {"covered_lines": 0, "num_statements": 6, "percent_covered": 0.0, "percent_covered_display": "0", "missing_lines": 6, "excluded_lines": 0, "percent_statements_covered": 0.0, "percent_statements_covered_display": "0"}, "missing_lines": [20, 22, 23, 24, 25, 27], "excluded_lines": [], "start_line": 19}, "ActionSupervisor._execute_step": {"executed_lines": [], "summary": {"covered_lines": 0, "num_statements": 8, "percent_covered": 0.0, "percent_covered_display": "0", "missing_lines": 8, "excluded_lines": 0, "percent_statements_covered": 0.0, "percent_statements_covered_display": "0"}, "missing_lines": [33, 35, 36, 37, 38, 39, 40, 42], "excluded_lines": [], "start_line": 31}, "ActionSupervisor.tick": {"executed_lines": [], "summary": {"covered_lines": 0, "num_statements": 1, "percent_covered": 0.0, "percent_covered_display": "0", "missing_lines": 1, "excluded_lines": 0, "percent_statements_covered": 0.0, "percent_statements_covered_display": "0"}, "missing_lines": [48], "excluded_lines": [], "start_line": 46}, "": {"executed_lines": [], "summary": {"covered_lines": 0, "num_statements": 9, "percent_covered": 0.0, "percent_covered_display": "0", "missing_lines": 9, "excluded_lines": 0, "percent_statements_covered": 0.0, "percent_statements_covered_display": "0"}, "missing_lines": [1, 2, 3, 4, 7, 13, 19, 31, 46], "excluded_lines": [], "start_line": 1}}, "classes": {"ActionSupervisor": {"executed_lines": [], "summary": {"covered_lines": 0, "num_statements": 17, "percent_covered": 0.0, "percent_covered_display": "0", "missing_lines": 17, "excluded_lines": 0, "percent_statements_covered": 0.0, "percent_statements_covered_display": "0"}, "missing_lines": [14, 15, 20, 22, 23, 24, 25, 27, 33, 35, 36, 37, 38, 39, 40, 42, 48], "excluded_lines": [], "start_line": 7}, "": {"executed_lines": [], "summary": {"covered_lines": 0, "num_statements": 9, "percent_covered": 0.0, "percent_covered_display": "0", "missing_lines": 9, "excluded_lines": 0, "percent_statements_covered": 0.0, "percent_statements_covered_display": "0"}, "missing_lines": [1, 2, 3, 4, 7, 13, 19, 31, 46], "excluded_lines": [], "start_line": 1}}}, "backend\\python\\agents\\context_builder.py": {"executed_lines": [], "summary": {"covered_lines": 0, "num_statements": 10, "percent_covered": 0.0, "percent_covered_display": "0", "missing_lines": 10, "excluded_lines": 0, "percent_statements_covered": 0.0, "percent_statements_covered_display": "0"}, "missing_lines": [1, 2, 3, 6, 14, 15, 16, 20, 21, 23], "excluded_lines": [], "functions": {"ContextBuilder.__init__": {"executed_lines": [], "summary": {"covered_lines": 0, "num_statements": 2, "percent_covered": 0.0, "percent_covered_display": "0", "missing_lines": 2, "excluded_lines": 0, "percent_statements_covered": 0.0, "percent_statements_covered_display": "0"}, "missing_lines": [15, 16], "excluded_lines": [], "start_line": 14}, "ContextBuilder.build": {"executed_lines": [], "summary": {"covered_lines": 0, "num_statements": 2, "percent_covered": 0.0, "percent_covered_display": "0", "missing_lines": 2, "excluded_lines": 0, "percent_statements_covered": 0.0, "percent_statements_covered_display": "0"}, "missing_lines": [21, 23], "excluded_lines": [], "start_line": 20}, "": {"executed_lines": [], "summary": {"covered_lines": 0, "num_statements": 6, "percent_covered": 0.0, "percent_covered_display": "0", "missing_lines": 6, "excluded_lines": 0, "percent_statements_covered": 0.0, "percent_statements_covered_display": "0"}, "missing_lines": [1, 2, 3, 6, 14, 20], "excluded_lines": [], "start_line": 1}}, "classes": {"ContextBuilder": {"executed_lines": [], "summary": {"covered_lines": 0, "num_statements": 4, "percent_covered": 0.0, "percent_covered_display": "0", "missing_lines": 4, "excluded_lines": 0, "percent_statements_covered": 0.0, "percent_statements_covered_display": "0"}, "missing_lines": [15, 16, 21, 23], "excluded_lines": [], "start_line": 6}, "": {"executed_lines": [], "summary": {"covered_lines": 0, "num_statements": 6, "percent_covered": 0.0, "percent_covered_display": "0", "missing_lines": 6, "excluded_lines": 0, "percent_statements_covered": 0.0, "percent_statements_covered_display": "0"}, "missing_lines": [1, 2, 3, 6, 14, 20], "excluded_lines": [], "start_line": 1}}}, "backend\\python\\agents\\core_agent.py": {"executed_lines": [], "summary": {"covered_lines": 0, "num_statements": 39, "percent_covered": 0.0, "percent_covered_display": "0", "missing_lines": 39, "excluded_lines": 0, "percent_statements_covered": 0.0, "percent_statements_covered_display": "0"}, "missing_lines": [1, 2, 4, 5, 6, 7, 8, 9, 11, 12, 15, 27, 28, 29, 31, 32, 33, 34, 35, 36, 40, 43, 45, 46, 47, 49, 50, 52, 54, 55, 56, 58, 60, 61, 65, 70, 71, 72, 73], "excluded_lines": [], "functions": {"CoreAgent.__init__": {"executed_lines": [], "summary": {"covered_lines": 0, "num_statements": 8, "percent_covered": 0.0, "percent_covered_display": "0", "missing_lines": 8, "excluded_lines": 0, "percent_statements_covered": 0.0, "percent_statements_covered_display": "0"}, "missing_lines": [28, 29, 31, 32, 33, 34, 35, 36], "excluded_lines": [], "start_line": 27}, "CoreAgent.handle_user_command": {"executed_lines": [], "summary": {"covered_lines": 0, "num_statements": 13, "percent_covered": 0.0, "percent_covered_display": "0", "missing_lines": 13, "excluded_lines": 0, "percent_statements_covered": 0.0, "percent_statements_covered_display": "0"}, "missing_lines": [43, 45, 46, 47, 49, 50, 52, 54, 55, 56, 58, 60, 61], "excluded_lines": [], "start_line": 40}, "CoreAgent.system_loop": {"executed_lines": [], "summary": {"covered_lines": 0, "num_statements": 4, "percent_covered": 0.0, "percent_covered_display": "0", "missing_lines": 4, "excluded_lines": 0, "percent_statements_covered": 0.0, "percent_statements_covered_display": "0"}, "missing_lines": [70, 71, 72, 73], "excluded_lines": [], "start_line": 65}, "": {"executed_lines": [], "summary": {"covered_lines": 0, "num_statements": 14, "percent_covered": 0.0, "percent_covered_display": "0", "missing_lines": 14, "excluded_lines": 0, "percent_statements_covered": 0.0, "percent_statements_covered_display": "0"}, "missing_lines": [1, 2, 4, 5, 6, 7, 8, 9, 11, 12, 15, 27, 40, 65], "excluded_lines": [], "start_line": 1}}, "classes": {"CoreAgent": {"executed_lines": [], "summary": {"covered_lines": 0, "num_statements": 25, "percent_covered": 0.0, "percent_covered_display": "0", "missing_lines": 25, "excluded_lines": 0, "percent_statements_covered": 0.0, "percent_statements_covered_display": "0"}, "missing_lines": [28, 29, 31, 32, 33, 34, 35, 36, 43, 45, 46, 47, 49, 50, 52, 54, 55, 56, 58, 60, 61, 70, 71, 72, 73], "excluded_lines": [], "start_line": 15}, "": {"executed_lines": [], "summary": {"covered_lines": 0, "num_statements": 14, "percent_covered": 0.0, "percent_covered_display": "0", "missing_lines": 14, "excluded_lines": 0, "percent_statements_covered": 0.0, "percent_statements_covered_display": "0"}, "missing_lines": [1, 2, 4, 5, 6, 7, 8, 9, 11, 12, 15, 27, 40, 65], "excluded_lines": [], "start_line": 1}}}, "backend\\python\\agents\\memory_manager.py": {"executed_lines": [], "summary": {"covered_lines": 0, "num_statements": 11, "percent_covered": 0.0, "percent_covered_display": "0", "missing_lines": 11, "excluded_lines": 0, "percent_statements_covered": 0.0, "percent_statements_covered_display": "0"}, "missing_lines": [1, 2, 3, 6, 12, 13, 14, 18, 19, 27, 28], "excluded_lines": [], "functions": {"MemoryManager.__init__": {"executed_lines": [], "summary": {"covered_lines": 0, "num_statements": 2, "percent_covered": 0.0, "percent_covered_display": "0", "missing_lines": 2, "excluded_lines": 0, "percent_statements_covered": 0.0, "percent_statements_covered_display": "0"}, "missing_lines": [13, 14], "excluded_lines": [], "start_line": 12}, "MemoryManager.store_interaction": {"executed_lines": [], "summary": {"covered_lines": 0, "num_statements": 1, "percent_covered": 0.0, "percent_covered_display": "0", "missing_lines": 1, "excluded_lines": 0, "percent_statements_covered": 0.0, "percent_statements_covered_display": "0"}, "missing_lines": [19], "excluded_lines": [], "start_line": 18}, "MemoryManager.load_recent": {"executed_lines": [], "summary": {"covered_lines": 0, "num_statements": 1, "percent_covered": 0.0, "percent_covered_display": "0", "missing_lines": 1, "excluded_lines": 0, "percent_statements_covered": 0.0, "percent_statements_covered_display": "0"}, "missing_lines": [28], "excluded_lines": [], "start_line": 27}, "": {"executed_lines": [], "summary": {"covered_lines": 0, "num_statements": 7, "percent_covered": 0.0, "percent_covered_display": "0", "missing_lines": 7, "excluded_lines": 0, "percent_statements_covered": 0.0, "percent_statements_covered_display": "0"}, "missing_lines": [1, 2, 3, 6, 12, 18, 27], "excluded_lines": [], "start_line": 1}}, "classes": {"MemoryManager": {"executed_lines": [], "summary": {"covered_lines": 0, "num_statements": 4, "percent_covered": 0.0, "percent_covered_display": "0", "missing_lines": 4, "excluded_lines": 0, "percent_statements_covered": 0.0, "percent_statements_covered_display": "0"}, "missing_lines": [13, 14, 19, 28], "excluded_lines": [], "start_line": 6}, "": {"executed_lines": [], "summary": {"covered_lines": 0, "num_statements": 7, "percent_covered": 0.0, "percent_covered_display": "0", "missing_lines": 7, "excluded_lines": 0, "percent_statements_covered": 0.0, "percent_statements_covered_display": "0"}, "missing_lines": [1, 2, 3, 6, 12, 18, 27], "excluded_lines": [], "start_line": 1}}}, "backend\\python\\agents\\reasoning_engine.py": {"executed_lines": [], "summary": {"covered_lines": 0, "num_statements": 13, "percent_covered": 0.0, "percent_covered_display": "0", "missing_lines": 13, "excluded_lines": 0, "percent_statements_covered": 0.0, "percent_statements_covered_display": "0"}, "missing_lines": [1, 3, 4, 7, 12, 13, 14, 16, 17, 24, 25, 30, 31], "excluded_lines": [], "functions": {"ReasoningEngine.__init__": {"executed_lines": [], "summary": {"covered_lines": 0, "num_statements": 2, "percent_covered": 0.0, "percent_covered_display": "0", "missing_lines": 2, "excluded_lines": 0, "percent_statements_covered": 0.0, "percent_statements_covered_display": "0"}, "missing_lines": [13, 14], "excluded_lines": [], "start_line": 12}, "ReasoningEngine.analyze": {"executed_lines": [], "summary": {"covered_lines": 0, "num_statements": 5, "percent_covered": 0.0, "percent_covered_display": "0", "missing_lines": 5, "excluded_lines": 0, "percent_statements_covered": 0.0, "percent_statements_covered_display": "0"}, "missing_lines": [17, 24, 25, 30, 31], "excluded_lines": [], "start_line": 16}, "": {"executed_lines": [], "summary": {"covered_lines": 0, "num_statements": 6, "percent_covered": 0.0, "percent_covered_display": "0", "missing_lines": 6, "excluded_lines": 0, "percent_statements_covered": 0.0, "percent_statements_covered_display": "0"}, "missing_lines": [1, 3, 4, 7, 12, 16], "excluded_lines": [], "start_line": 1}}, "classes": {"ReasoningEngine": {"executed_lines": [], "summary": {"covered_lines": 0, "num_statements": 7, "percent_covered": 0.0, "percent_covered_display": "0", "missing_lines": 7, "excluded_lines": 0, "percent_statements_covered": 0.0, "percent_statements_covered_display": "0"}, "missing_lines": [13, 14, 17, 24, 25, 30, 31], "excluded_lines": [], "start_line": 7}, "": {"executed_lines": [], "summary": {"covered_lines": 0, "num_statements": 6, "percent_covered": 0.0, "percent_covered_display": "0", "missing_lines": 6, "excluded_lines": 0, "percent_statements_covered": 0.0, "percent_statements_covered_display": "0"}, "missing_lines": [1, 3, 4, 7, 12, 16], "excluded_lines": [], "start_line": 1}}}, "backend\\python\\agents\\safety_layer.py": {"executed_lines": [], "summary": {"covered_lines": 0, "num_statements": 14, "percent_covered": 0.0, "percent_covered_display": "0", "missing_lines": 14, "excluded_lines": 0, "percent_statements_covered": 0.0, "percent_statements_covered_display": "0"}, "missing_lines": [1, 2, 5, 13, 19, 20, 24, 27, 28, 30, 31, 32, 33, 35], "excluded_lines": [], "functions": {"SafetyLayer.__init__": {"executed_lines": [], "summary": {"covered_lines": 0, "num_statements": 1, "percent_covered": 0.0, "percent_covered_display": "0", "missing_lines": 1, "excluded_lines": 0, "percent_statements_covered": 0.0, "percent_statements_covered_display": "0"}, "missing_lines": [20], "excluded_lines": [], "start_line": 19}, "SafetyLayer.validate_plan": {"executed_lines": [], "summary": {"covered_lines": 0, "num_statements": 7, "percent_covered": 0.0, "percent_covered_display": "0", "missing_lines": 7, "excluded_lines": 0, "percent_statements_covered": 0.0, "percent_statements_covered_display": "0"}, "missing_lines": [27, 28, 30, 31, 32, 33, 35], "excluded_lines": [], "start_line": 24}, "": {"executed_lines": [], "summary": {"covered_lines": 0, "num_statements": 6, "percent_covered": 0.0, "percent_covered_display": "0", "missing_lines": 6, "excluded_lines": 0, "percent_statements_covered": 0.0, "percent_statements_covered_display": "0"}, "missing_lines": [1, 2, 5, 13, 19, 24], "excluded_lines": [], "start_line": 1}}, "classes": {"SafetyLayer": {"executed_lines": [], "summary": {"covered_lines": 0, "num_statements": 8, "percent_covered": 0.0, "percent_covered_display": "0", "missing_lines": 8, "excluded_lines": 0, "percent_statements_covered": 0.0, "percent_statements_covered_display": "0"}, "missing_lines": [20, 27, 28, 30, 31, 32, 33, 35], "excluded_lines": [], "start_line": 13}, "": {"executed_lines": [], "summary": {"covered_lines": 0, "num_statements": 6, "percent_covered": 0.0, "percent_covered_display": "0", "missing_lines": 6, "excluded_lines": 0, "percent_statements_covered": 0.0, "percent_statements_covered_display": "0"}, "missing_lines": [1, 2, 5, 13, 19, 24], "excluded_lines": [], "start_line": 1}}}, "backend\\python\\agents\\task_planner.py": {"executed_lines": [], "summary": {"covered_lines": 0, "num_statements": 22, "percent_covered": 0.0, "percent_covered_display": "0", "missing_lines": 22, "excluded_lines": 0, "percent_statements_covered": 0.0, "percent_statements_covered_display": "0"}, "missing_lines": [1, 2, 5, 11, 12, 16, 25, 27, 28, 30, 31, 33, 40, 41, 46, 47, 52, 53, 55, 56, 63, 68], "excluded_lines": [], "functions": {"TaskPlanner.__init__": {"executed_lines": [], "summary": {"covered_lines": 0, "num_statements": 1, "percent_covered": 0.0, "percent_covered_display": "0", "missing_lines": 1, "excluded_lines": 0, "percent_statements_covered": 0.0, "percent_statements_covered_display": "0"}, "missing_lines": [12], "excluded_lines": [], "start_line": 11}, "TaskPlanner.generate_plan": {"executed_lines": [], "summary": {"covered_lines": 0, "num_statements": 16, "percent_covered": 0.0, "percent_covered_display": "0", "missing_lines": 16, "excluded_lines": 0, "percent_statements_covered": 0.0, "percent_statements_covered_display": "0"}, "missing_lines": [25, 27, 28, 30, 31, 33, 40, 41, 46, 47, 52, 53, 55, 56, 63, 68], "excluded_lines": [], "start_line": 16}, "": {"executed_lines": [], "summary": {"covered_lines": 0, "num_statements": 5, "percent_covered": 0.0, "percent_covered_display": "0", "missing_lines": 5, "excluded_lines": 0, "percent_statements_covered": 0.0, "percent_statements_covered_display": "0"}, "missing_lines": [1, 2, 5, 11, 16], "excluded_lines": [], "start_line": 1}}, "classes": {"TaskPlanner": {"executed_lines": [], "summary": {"covered_lines": 0, "num_statements": 17, "percent_covered": 0.0, "percent_covered_display": "0", "missing_lines": 17, "excluded_lines": 0, "percent_statements_covered": 0.0, "percent_statements_covered_display": "0"}, "missing_lines": [12, 25, 27, 28, 30, 31, 33, 40, 41, 46, 47, 52, 53, 55, 56, 63, 68], "excluded_lines": [], "start_line": 5}, "": {"executed_lines": [], "summary": {"covered_lines": 0, "num_statements": 5, "percent_covered": 0.0, "percent_covered_display": "0", "missing_lines": 5, "excluded_lines": 0, "percent_statements_covered": 0.0, "percent_statements_covered_display": "0"}, "missing_lines": [1, 2, 5, 11, 16], "excluded_lines": [], "start_line": 1}}}, "backend\\python\\api\\__init__.py": {"executed_lines": [1, 2, 4, 12, 21], "summary": {"covered_lines": 5, "num_statements": 10, "percent_covered": 50.0, "percent_covered_display": "50", "missing_lines": 5, "excluded_lines": 0, "percent_statements_covered": 50.0, "percent_statements_covered_display": "50"}, "missing_lines": [22, 23, 24, 25, 26], "excluded_lines": [], "functions": {"__getattr__": {"executed_lines": [], "summary": {"covered_lines": 0, "num_statements": 5, "percent_covered": 0.0, "percent_covered_display": "0", "missing_lines": 5, "excluded_lines": 0, "percent_statements_covered": 0.0, "percent_statements_covered_display": "0"}, "missing_lines": [22, 23, 24, 25, 26], "excluded_lines": [], "start_line": 21}, "": {"executed_lines": [1, 2, 4, 12, 21], "summary": {"covered_lines": 5, "num_statements": 5, "percent_covered": 100.0, "percent_covered_display": "100", "missing_lines": 0, "excluded_lines": 0, "percent_statements_covered": 100.0, "percent_statements_covered_display": "100"}, "missing_lines": [], "excluded_lines": [], "start_line": 1}}, "classes": {"": {"executed_lines": [1, 2, 4, 12, 21], "summary": {"covered_lines": 5, "num_statements": 10, "percent_covered": 50.0, "percent_covered_display": "50", "missing_lines": 5, "excluded_lines": 0, "percent_statements_covered": 50.0, "percent_statements_covered_display": "50"}, "missing_lines": [22, 23, 24, 25, 26], "excluded_lines": [], "start_line": 1}}}, "backend\\python\\api\\browser_api.py": {"executed_lines": [], "summary": {"covered_lines": 0, "num_statements": 29, "percent_covered": 0.0, "percent_covered_display": "0", "missing_lines": 29, "excluded_lines": 0, "percent_statements_covered": 0.0, "percent_statements_covered_display": "0"}, "missing_lines": [1, 2, 3, 6, 16, 17, 18, 20, 21, 22, 23, 25, 26, 27, 28, 30, 31, 32, 33, 34, 35, 36, 38, 40, 41, 42, 44, 45, 46], "excluded_lines": [], "functions": {"BrowserAPI.__init__": {"executed_lines": [], "summary": {"covered_lines": 0, "num_statements": 2, "percent_covered": 0.0, "percent_covered_display": "0", "missing_lines": 2, "excluded_lines": 0, "percent_statements_covered": 0.0, "percent_statements_covered_display": "0"}, "missing_lines": [17, 18], "excluded_lines": [], "start_line": 16}, "BrowserAPI.launch": {"executed_lines": [], "summary": {"covered_lines": 0, "num_statements": 3, "percent_covered": 0.0, "percent_covered_display": "0", "missing_lines": 3, "excluded_lines": 0, "percent_statements_covered": 0.0, "percent_statements_covered_display": "0"}, "missing_lines": [21, 22, 23], "excluded_lines": [], "start_line": 20}, "BrowserAPI.open_url": {"executed_lines": [], "summary": {"covered_lines": 0, "num_statements": 3, "percent_covered": 0.0, "percent_covered_display": "0", "missing_lines": 3, "excluded_lines": 0, "percent_statements_covered": 0.0, "percent_statements_covered_display": "0"}, "missing_lines": [26, 27, 28], "excluded_lines": [], "start_line": 25}, "BrowserAPI.read_text": {"executed_lines": [], "summary": {"covered_lines": 0, "num_statements": 6, "percent_covered": 0.0, "percent_covered_display": "0", "missing_lines": 6, "excluded_lines": 0, "percent_statements_covered": 0.0, "percent_statements_covered_display": "0"}, "missing_lines": [31, 32, 33, 34, 35, 36], "excluded_lines": [], "start_line": 30}, "BrowserAPI.run_js": {"executed_lines": [], "summary": {"covered_lines": 0, "num_statements": 3, "percent_covered": 0.0, "percent_covered_display": "0", "missing_lines": 3, "excluded_lines": 0, "percent_statements_covered": 0.0, "percent_statements_covered_display": "0"}, "missing_lines": [40, 41, 42], "excluded_lines": [], "start_line": 38}, "BrowserAPI.close": {"executed_lines": [], "summary": {"covered_lines": 0, "num_statements": 2, "percent_covered": 0.0, "percent_covered_display": "0", "missing_lines": 2, "excluded_lines": 0, "percent_statements_covered": 0.0, "percent_statements_covered_display": "0"}, "missing_lines": [45, 46], "excluded_lines": [], "start_line": 44}, "": {"executed_lines": [], "summary": {"covered_lines": 0, "num_statements": 10, "percent_covered": 0.0, "percent_covered_display": "0", "missing_lines": 10, "excluded_lines": 0, "percent_statements_covered": 0.0, "percent_statements_covered_display": "0"}, "missing_lines": [1, 2, 3, 6, 16, 20, 25, 30, 38, 44], "excluded_lines": [], "start_line": 1}}, "classes": {"BrowserAPI": {"executed_lines": [], "summary": {"covered_lines": 0, "num_statements": 19, "percent_covered": 0.0, "percent_covered_display": "0", "missing_lines": 19, "excluded_lines": 0, "percent_statements_covered": 0.0, "percent_statements_covered_display": "0"}, "missing_lines": [17, 18, 21, 22, 23, 26, 27, 28, 31, 32, 33, 34, 35, 36, 40, 41, 42, 45, 46], "excluded_lines": [], "start_line": 6}, "": {"executed_lines": [], "summary": {"covered_lines": 0, "num_statements": 10, "percent_covered": 0.0, "percent_covered_display": "0", "missing_lines": 10, "excluded_lines": 0, "percent_statements_covered": 0.0, "percent_statements_covered_display": "0"}, "missing_lines": [1, 2, 3, 6, 16, 20, 25, 30, 38, 44], "excluded_lines": [], "start_line": 1}}}, "backend\\python\\api\\firebase_client.py": {"executed_lines": [], "summary": {"covered_lines": 0, "num_statements": 26, "percent_covered": 0.0, "percent_covered_display": "0", "missing_lines": 26, "excluded_lines": 0, "percent_statements_covered": 0.0, "percent_statements_covered_display": "0"}, "missing_lines": [1, 2, 3, 6, 15, 16, 18, 19, 24, 25, 28, 29, 31, 32, 39, 40, 43, 44, 45, 46, 48, 49, 50, 51, 54, 55], "excluded_lines": [], "functions": {"FirebaseClient.__init__": {"executed_lines": [], "summary": {"covered_lines": 0, "num_statements": 5, "percent_covered": 0.0, "percent_covered_display": "0", "missing_lines": 5, "excluded_lines": 0, "percent_statements_covered": 0.0, "percent_statements_covered_display": "0"}, "missing_lines": [16, 18, 19, 24, 25], "excluded_lines": [], "start_line": 15}, "FirebaseClient.set_document": {"executed_lines": [], "summary": {"covered_lines": 0, "num_statements": 1, "percent_covered": 0.0, "percent_covered_display": "0", "missing_lines": 1, "excluded_lines": 0, "percent_statements_covered": 0.0, "percent_statements_covered_display": "0"}, "missing_lines": [29], "excluded_lines": [], "start_line": 28}, "FirebaseClient.get_document": {"executed_lines": [], "summary": {"covered_lines": 0, "num_statements": 1, "percent_covered": 0.0, "percent_covered_display": "0", "missing_lines": 1, "excluded_lines": 0, "percent_statements_covered": 0.0, "percent_statements_covered_display": "0"}, "missing_lines": [32], "excluded_lines": [], "start_line": 31}, "FirebaseClient.update_document": {"executed_lines": [], "summary": {"covered_lines": 0, "num_statements": 1, "percent_covered": 0.0, "percent_covered_display": "0", "missing_lines": 1, "excluded_lines": 0, "percent_statements_covered": 0.0, "percent_statements_covered_display": "0"}, "missing_lines": [40], "excluded_lines": [], "start_line": 39}, "FirebaseClient.rt_set": {"executed_lines": [], "summary": {"covered_lines": 0, "num_statements": 3, "percent_covered": 0.0, "percent_covered_display": "0", "missing_lines": 3, "excluded_lines": 0, "percent_statements_covered": 0.0, "percent_statements_covered_display": "0"}, "missing_lines": [44, 45, 46], "excluded_lines": [], "start_line": 43}, "FirebaseClient.rt_get": {"executed_lines": [], "summary": {"covered_lines": 0, "num_statements": 3, "percent_covered": 0.0, "percent_covered_display": "0", "missing_lines": 3, "excluded_lines": 0, "percent_statements_covered": 0.0, "percent_statements_covered_display": "0"}, "missing_lines": [49, 50, 51], "excluded_lines": [], "start_line": 48}, "FirebaseClient.verify_token": {"executed_lines": [], "summary": {"covered_lines": 0, "num_statements": 1, "percent_covered": 0.0, "percent_covered_display": "0", "missing_lines": 1, "excluded_lines": 0, "percent_statements_covered": 0.0, "percent_statements_covered_display": "0"}, "missing_lines": [55], "excluded_lines": [], "start_line": 54}, "": {"executed_lines": [], "summary": {"covered_lines": 0, "num_statements": 11, "percent_covered": 0.0, "percent_covered_display": "0", "missing_lines": 11, "excluded_lines": 0, "percent_statements_covered": 0.0, "percent_statements_covered_display": "0"}, "missing_lines": [1, 2, 3, 6, 15, 28, 31, 39, 43, 48, 54], "excluded_lines": [], "start_line": 1}}, "classes": {"FirebaseClient": {"executed_lines": [], "summary": {"covered_lines": 0, "num_statements": 15, "percent_covered": 0.0, "percent_covered_display": "0", "missing_lines": 15, "excluded_lines": 0, "percent_statements_covered": 0.0, "percent_statements_covered_display": "0"}, "missing_lines": [16, 18, 19, 24, 25, 29, 32, 40, 44, 45, 46, 49, 50, 51, 55], "excluded_lines": [], "start_line": 6}, "": {"executed_lines": [], "summary": {"covered_lines": 0, "num_statements": 11, "percent_covered": 0.0, "percent_covered_display": "0", "missing_lines": 11, "excluded_lines": 0, "percent_statements_covered": 0.0, "percent_statements_covered_display": "0"}, "missing_lines": [1, 2, 3, 6, 15, 28, 31, 39, 43, 48, 54], "excluded_lines": [], "start_line": 1}}}, "backend\\python\\api\\groq_client.py": {"executed_lines": [1, 2, 3, 4, 6, 9, 10, 12, 13, 14, 16, 24, 52, 81, 97, 98, 118, 119], "summary": {"covered_lines": 18, "num_statements": 69, "percent_covered": 26.08695652173913, "percent_covered_display": "26", "missing_lines": 51, "excluded_lines": 0, "percent_statements_covered": 26.08695652173913, "percent_statements_covered_display": "26"}, "missing_lines": [17, 18, 19, 31, 32, 33, 35, 41, 47, 48, 49, 50, 58, 59, 61, 62, 73, 85, 92, 93, 94, 95, 99, 100, 101, 102, 103, 104, 105, 106, 107, 109, 110, 111, 112, 113, 114, 115, 116, 120, 121, 122, 123, 124, 125, 126, 127, 128, 129, 130, 131], "excluded_lines": [], "functions": {"GroqClient.__init__": {"executed_lines": [13, 14], "summary": {"covered_lines": 2, "num_statements": 2, "percent_covered": 100.0, "percent_covered_display": "100", "missing_lines": 0, "excluded_lines": 0, "percent_statements_covered": 100.0, "percent_statements_covered_display": "100"}, "missing_lines": [], "excluded_lines": [], "start_line": 12}, "GroqClient._headers": {"executed_lines": [], "summary": {"covered_lines": 0, "num_statements": 3, "percent_covered": 0.0, "percent_covered_display": "0", "missing_lines": 3, "excluded_lines": 0, "percent_statements_covered": 0.0, "percent_statements_covered_display": "0"}, "missing_lines": [17, 18, 19], "excluded_lines": [], "start_line": 16}, "GroqClient.chat": {"executed_lines": [], "summary": {"covered_lines": 0, "num_statements": 9, "percent_covered": 0.0, "percent_covered_display": "0", "missing_lines": 9, "excluded_lines": 0, "percent_statements_covered": 0.0, "percent_statements_covered_display": "0"}, "missing_lines": [31, 32, 33, 35, 41, 47, 48, 49, 50], "excluded_lines": [], "start_line": 24}, "GroqClient.ask": {"executed_lines": [], "summary": {"covered_lines": 0, "num_statements": 5, "percent_covered": 0.0, "percent_covered_display": "0", "missing_lines": 5, "excluded_lines": 0, "percent_statements_covered": 0.0, "percent_statements_covered_display": "0"}, "missing_lines": [58, 59, 61, 62, 73], "excluded_lines": [], "start_line": 52}, "GroqClient.reason": {"executed_lines": [], "summary": {"covered_lines": 0, "num_statements": 5, "percent_covered": 0.0, "percent_covered_display": "0", "missing_lines": 5, "excluded_lines": 0, "percent_statements_covered": 0.0, "percent_statements_covered_display": "0"}, "missing_lines": [85, 92, 93, 94, 95], "excluded_lines": [], "start_line": 81}, "GroqClient._extract_json": {"executed_lines": [], "summary": {"covered_lines": 0, "num_statements": 17, "percent_covered": 0.0, "percent_covered_display": "0", "missing_lines": 17, "excluded_lines": 0, "percent_statements_covered": 0.0, "percent_statements_covered_display": "0"}, "missing_lines": [99, 100, 101, 102, 103, 104, 105, 106, 107, 109, 110, 111, 112, 113, 114, 115, 116], "excluded_lines": [], "start_line": 98}, "GroqClient._fallback_reason": {"executed_lines": [], "summary": {"covered_lines": 0, "num_statements": 12, "percent_covered": 0.0, "percent_covered_display": "0", "missing_lines": 12, "excluded_lines": 0, "percent_statements_covered": 0.0, "percent_statements_covered_display": "0"}, "missing_lines": [120, 121, 122, 123, 124, 125, 126, 127, 128, 129, 130, 131], "excluded_lines": [], "start_line": 119}, "": {"executed_lines": [1, 2, 3, 4, 6, 9, 10, 12, 16, 24, 52, 81, 97, 98, 118, 119], "summary": {"covered_lines": 16, "num_statements": 16, "percent_covered": 100.0, "percent_covered_display": "100", "missing_lines": 0, "excluded_lines": 0, "percent_statements_covered": 100.0, "percent_statements_covered_display": "100"}, "missing_lines": [], "excluded_lines": [], "start_line": 1}}, "classes": {"GroqClient": {"executed_lines": [13, 14], "summary": {"covered_lines": 2, "num_statements": 53, "percent_covered": 3.7735849056603774, "percent_covered_display": "4", "missing_lines": 51, "excluded_lines": 0, "percent_statements_covered": 3.7735849056603774, "percent_statements_covered_display": "4"}, "missing_lines": [17, 18, 19, 31, 32, 33, 35, 41, 47, 48, 49, 50, 58, 59, 61, 62, 73, 85, 92, 93, 94, 95, 99, 100, 101, 102, 103, 104, 105, 106, 107, 109, 110, 111, 112, 113, 114, 115, 116, 120, 121, 122, 123, 124, 125, 126, 127, 128, 129, 130, 131], "excluded_lines": [], "start_line": 9}, "": {"executed_lines": [1, 2, 3, 4, 6, 9, 10, 12, 16, 24, 52, 81, 97, 98, 118, 119], "summary": {"covered_lines": 16, "num_statements": 16, "percent_covered": 100.0, "percent_covered_display": "100", "missing_lines": 0, "excluded_lines": 0, "percent_statements_covered": 100.0, "percent_statements_covered_display": "100"}, "missing_lines": [], "excluded_lines": [], "start_line": 1}}}, "backend\\python\\api\\http_client.py": {"executed_lines": [1, 2, 3, 4, 6, 9, 14, 15, 16, 17, 19, 22, 56], "summary": {"covered_lines": 13, "num_statements": 50, "percent_covered": 26.0, "percent_covered_display": "26", "missing_lines": 37, "excluded_lines": 0, "percent_statements_covered": 26.0, "percent_statements_covered_display": "26"}, "missing_lines": [20, 29, 30, 31, 32, 38, 39, 40, 41, 43, 44, 45, 46, 47, 48, 49, 50, 51, 52, 54, 63, 64, 65, 66, 72, 73, 74, 75, 77, 78, 79, 80, 81, 82, 83, 84, 85], "excluded_lines": [], "functions": {"HttpClient.__init__": {"executed_lines": [15, 16, 17], "summary": {"covered_lines": 3, "num_statements": 3, "percent_covered": 100.0, "percent_covered_display": "100", "missing_lines": 0, "excluded_lines": 0, "percent_statements_covered": 100.0, "percent_statements_covered_display": "100"}, "missing_lines": [], "excluded_lines": [], "start_line": 14}, "HttpClient._retry_wait": {"executed_lines": [], "summary": {"covered_lines": 0, "num_statements": 1, "percent_covered": 0.0, "percent_covered_display": "0", "missing_lines": 1, "excluded_lines": 0, "percent_statements_covered": 0.0, "percent_statements_covered_display": "0"}, "missing_lines": [20], "excluded_lines": [], "start_line": 19}, "HttpClient.request": {"executed_lines": [], "summary": {"covered_lines": 0, "num_statements": 19, "percent_covered": 0.0, "percent_covered_display": "0", "missing_lines": 19, "excluded_lines": 0, "percent_statements_covered": 0.0, "percent_statements_covered_display": "0"}, "missing_lines": [29, 30, 31, 32, 38, 39, 40, 41, 43, 44, 45, 46, 47, 48, 49, 50, 51, 52, 54], "excluded_lines": [], "start_line": 22}, "HttpClient.request_stream": {"executed_lines": [], "summary": {"covered_lines": 0, "num_statements": 17, "percent_covered": 0.0, "percent_covered_display": "0", "missing_lines": 17, "excluded_lines": 0, "percent_statements_covered": 0.0, "percent_statements_covered_display": "0"}, "missing_lines": [63, 64, 65, 66, 72, 73, 74, 75, 77, 78, 79, 80, 81, 82, 83, 84, 85], "excluded_lines": [], "start_line": 56}, "": {"executed_lines": [1, 2, 3, 4, 6, 9, 14, 19, 22, 56], "summary": {"covered_lines": 10, "num_statements": 10, "percent_covered": 100.0, "percent_covered_display": "100", "missing_lines": 0, "excluded_lines": 0, "percent_statements_covered": 100.0, "percent_statements_covered_display": "100"}, "missing_lines": [], "excluded_lines": [], "start_line": 1}}, "classes": {"HttpClient": {"executed_lines": [15, 16, 17], "summary": {"covered_lines": 3, "num_statements": 40, "percent_covered": 7.5, "percent_covered_display": "8", "missing_lines": 37, "excluded_lines": 0, "percent_statements_covered": 7.5, "percent_statements_covered_display": "8"}, "missing_lines": [20, 29, 30, 31, 32, 38, 39, 40, 41, 43, 44, 45, 46, 47, 48, 49, 50, 51, 52, 54, 63, 64, 65, 66, 72, 73, 74, 75, 77, 78, 79, 80, 81, 82, 83, 84, 85], "excluded_lines": [], "start_line": 9}, "": {"executed_lines": [1, 2, 3, 4, 6, 9, 14, 19, 22, 56], "summary": {"covered_lines": 10, "num_statements": 10, "percent_covered": 100.0, "percent_covered_display": "100", "missing_lines": 0, "excluded_lines": 0, "percent_statements_covered": 100.0, "percent_statements_covered_display": "100"}, "missing_lines": [], "excluded_lines": [], "start_line": 1}}}, "backend\\python\\api\\nvidia_client.py": {"executed_lines": [1, 2, 5, 6, 8, 12, 18, 36, 49], "summary": {"covered_lines": 9, "num_statements": 20, "percent_covered": 45.0, "percent_covered_display": "45", "missing_lines": 11, "excluded_lines": 0, "percent_statements_covered": 45.0, "percent_statements_covered_display": "45"}, "missing_lines": [9, 10, 13, 22, 28, 34, 37, 41, 47, 50, 51], "excluded_lines": [], "functions": {"NvidiaClient.__init__": {"executed_lines": [], "summary": {"covered_lines": 0, "num_statements": 2, "percent_covered": 0.0, "percent_covered_display": "0", "missing_lines": 2, "excluded_lines": 0, "percent_statements_covered": 0.0, "percent_statements_covered_display": "0"}, "missing_lines": [9, 10], "excluded_lines": [], "start_line": 8}, "NvidiaClient._headers": {"executed_lines": [], "summary": {"covered_lines": 0, "num_statements": 1, "percent_covered": 0.0, "percent_covered_display": "0", "missing_lines": 1, "excluded_lines": 0, "percent_statements_covered": 0.0, "percent_statements_covered_display": "0"}, "missing_lines": [13], "excluded_lines": [], "start_line": 12}, "NvidiaClient.generate_text": {"executed_lines": [], "summary": {"covered_lines": 0, "num_statements": 3, "percent_covered": 0.0, "percent_covered_display": "0", "missing_lines": 3, "excluded_lines": 0, "percent_statements_covered": 0.0, "percent_statements_covered_display": "0"}, "missing_lines": [22, 28, 34], "excluded_lines": [], "start_line": 18}, "NvidiaClient.embed": {"executed_lines": [], "summary": {"covered_lines": 0, "num_statements": 3, "percent_covered": 0.0, "percent_covered_display": "0", "missing_lines": 3, "excluded_lines": 0, "percent_statements_covered": 0.0, "percent_statements_covered_display": "0"}, "missing_lines": [37, 41, 47], "excluded_lines": [], "start_line": 36}, "NvidiaClient.vision_analyze": {"executed_lines": [], "summary": {"covered_lines": 0, "num_statements": 2, "percent_covered": 0.0, "percent_covered_display": "0", "missing_lines": 2, "excluded_lines": 0, "percent_statements_covered": 0.0, "percent_statements_covered_display": "0"}, "missing_lines": [50, 51], "excluded_lines": [], "start_line": 49}, "": {"executed_lines": [1, 2, 5, 6, 8, 12, 18, 36, 49], "summary": {"covered_lines": 9, "num_statements": 9, "percent_covered": 100.0, "percent_covered_display": "100", "missing_lines": 0, "excluded_lines": 0, "percent_statements_covered": 100.0, "percent_statements_covered_display": "100"}, "missing_lines": [], "excluded_lines": [], "start_line": 1}}, "classes": {"NvidiaClient": {"executed_lines": [], "summary": {"covered_lines": 0, "num_statements": 11, "percent_covered": 0.0, "percent_covered_display": "0", "missing_lines": 11, "excluded_lines": 0, "percent_statements_covered": 0.0, "percent_statements_covered_display": "0"}, "missing_lines": [9, 10, 13, 22, 28, 34, 37, 41, 47, 50, 51], "excluded_lines": [], "start_line": 5}, "": {"executed_lines": [1, 2, 5, 6, 8, 12, 18, 36, 49], "summary": {"covered_lines": 9, "num_statements": 9, "percent_covered": 100.0, "percent_covered_display": "100", "missing_lines": 0, "excluded_lines": 0, "percent_statements_covered": 100.0, "percent_statements_covered_display": "100"}, "missing_lines": [], "excluded_lines": [], "start_line": 1}}}, "backend\\python\\auth\\__init__.py": {"executed_lines": [], "summary": {"covered_lines": 0, "num_statements": 4, "percent_covered": 0.0, "percent_covered_display": "0", "missing_lines": 4, "excluded_lines": 0, "percent_statements_covered": 0.0, "percent_statements_covered_display": "0"}, "missing_lines": [1, 2, 3, 5], "excluded_lines": [], "functions": {"": {"executed_lines": [], "summary": {"covered_lines": 0, "num_statements": 4, "percent_covered": 0.0, "percent_covered_display": "0", "missing_lines": 4, "excluded_lines": 0, "percent_statements_covered": 0.0, "percent_statements_covered_display": "0"}, "missing_lines": [1, 2, 3, 5], "excluded_lines": [], "start_line": 1}}, "classes": {"": {"executed_lines": [], "summary": {"covered_lines": 0, "num_statements": 4, "percent_covered": 0.0, "percent_covered_display": "0", "missing_lines": 4, "excluded_lines": 0, "percent_statements_covered": 0.0, "percent_statements_covered_display": "0"}, "missing_lines": [1, 2, 3, 5], "excluded_lines": [], "start_line": 1}}}, "backend\\python\\auth\\permissions.py": {"executed_lines": [], "summary": {"covered_lines": 0, "num_statements": 15, "percent_covered": 0.0, "percent_covered_display": "0", "missing_lines": 15, "excluded_lines": 0, "percent_statements_covered": 0.0, "percent_statements_covered_display": "0"}, "missing_lines": [1, 4, 5, 8, 17, 19, 25, 26, 27, 29, 31, 32, 34, 35, 36], "excluded_lines": [], "functions": {"Permissions.__init__": {"executed_lines": [], "summary": {"covered_lines": 0, "num_statements": 1, "percent_covered": 0.0, "percent_covered_display": "0", "missing_lines": 1, "excluded_lines": 0, "percent_statements_covered": 0.0, "percent_statements_covered_display": "0"}, "missing_lines": [19], "excluded_lines": [], "start_line": 17}, "Permissions.resolve_permissions": {"executed_lines": [], "summary": {"covered_lines": 0, "num_statements": 3, "percent_covered": 0.0, "percent_covered_display": "0", "missing_lines": 3, "excluded_lines": 0, "percent_statements_covered": 0.0, "percent_statements_covered_display": "0"}, "missing_lines": [26, 27, 29], "excluded_lines": [], "start_line": 25}, "Permissions.has_permission": {"executed_lines": [], "summary": {"covered_lines": 0, "num_statements": 1, "percent_covered": 0.0, "percent_covered_display": "0", "missing_lines": 1, "excluded_lines": 0, "percent_statements_covered": 0.0, "percent_statements_covered_display": "0"}, "missing_lines": [32], "excluded_lines": [], "start_line": 31}, "Permissions.check": {"executed_lines": [], "summary": {"covered_lines": 0, "num_statements": 2, "percent_covered": 0.0, "percent_covered_display": "0", "missing_lines": 2, "excluded_lines": 0, "percent_statements_covered": 0.0, "percent_statements_covered_display": "0"}, "missing_lines": [35, 36], "excluded_lines": [], "start_line": 34}, "": {"executed_lines": [], "summary": {"covered_lines": 0, "num_statements": 8, "percent_covered": 0.0, "percent_covered_display": "0", "missing_lines": 8, "excluded_lines": 0, "percent_statements_covered": 0.0, "percent_statements_covered_display": "0"}, "missing_lines": [1, 4, 5, 8, 17, 25, 31, 34], "excluded_lines": [], "start_line": 1}}, "classes": {"PermissionError": {"executed_lines": [], "summary": {"covered_lines": 0, "num_statements": 0, "percent_covered": 100.0, "percent_covered_display": "100", "missing_lines": 0, "excluded_lines": 0, "percent_statements_covered": 100.0, "percent_statements_covered_display": "100"}, "missing_lines": [], "excluded_lines": [], "start_line": 4}, "Permissions": {"executed_lines": [], "summary": {"covered_lines": 0, "num_statements": 7, "percent_covered": 0.0, "percent_covered_display": "0", "missing_lines": 7, "excluded_lines": 0, "percent_statements_covered": 0.0, "percent_statements_covered_display": "0"}, "missing_lines": [19, 26, 27, 29, 32, 35, 36], "excluded_lines": [], "start_line": 8}, "": {"executed_lines": [], "summary": {"covered_lines": 0, "num_statements": 8, "percent_covered": 0.0, "percent_covered_display": "0", "missing_lines": 8, "excluded_lines": 0, "percent_statements_covered": 0.0, "percent_statements_covered_display": "0"}, "missing_lines": [1, 4, 5, 8, 17, 25, 31, 34], "excluded_lines": [], "start_line": 1}}}, "backend\\python\\auth\\token_manager.py": {"executed_lines": [], "summary": {"covered_lines": 0, "num_statements": 33, "percent_covered": 0.0, "percent_covered_display": "0", "missing_lines": 33, "excluded_lines": 0, "percent_statements_covered": 0.0, "percent_statements_covered_display": "0"}, "missing_lines": [1, 2, 3, 4, 5, 8, 18, 25, 26, 27, 28, 33, 34, 35, 41, 43, 44, 45, 48, 49, 50, 51, 52, 57, 58, 59, 61, 62, 63, 70, 73, 74, 76], "excluded_lines": [], "functions": {"TokenManager.__init__": {"executed_lines": [], "summary": {"covered_lines": 0, "num_statements": 4, "percent_covered": 0.0, "percent_covered_display": "0", "missing_lines": 4, "excluded_lines": 0, "percent_statements_covered": 0.0, "percent_statements_covered_display": "0"}, "missing_lines": [25, 26, 27, 28], "excluded_lines": [], "start_line": 18}, "TokenManager.create_access_token": {"executed_lines": [], "summary": {"covered_lines": 0, "num_statements": 3, "percent_covered": 0.0, "percent_covered_display": "0", "missing_lines": 3, "excluded_lines": 0, "percent_statements_covered": 0.0, "percent_statements_covered_display": "0"}, "missing_lines": [34, 35, 41], "excluded_lines": [], "start_line": 33}, "TokenManager.verify_access_token": {"executed_lines": [], "summary": {"covered_lines": 0, "num_statements": 7, "percent_covered": 0.0, "percent_covered_display": "0", "missing_lines": 7, "excluded_lines": 0, "percent_statements_covered": 0.0, "percent_statements_covered_display": "0"}, "missing_lines": [44, 45, 48, 49, 50, 51, 52], "excluded_lines": [], "start_line": 43}, "TokenManager._hash_token": {"executed_lines": [], "summary": {"covered_lines": 0, "num_statements": 1, "percent_covered": 0.0, "percent_covered_display": "0", "missing_lines": 1, "excluded_lines": 0, "percent_statements_covered": 0.0, "percent_statements_covered_display": "0"}, "missing_lines": [59], "excluded_lines": [], "start_line": 58}, "TokenManager.create_refresh_token": {"executed_lines": [], "summary": {"covered_lines": 0, "num_statements": 2, "percent_covered": 0.0, "percent_covered_display": "0", "missing_lines": 2, "excluded_lines": 0, "percent_statements_covered": 0.0, "percent_statements_covered_display": "0"}, "missing_lines": [62, 63], "excluded_lines": [], "start_line": 61}, "TokenManager.verify_refresh_token": {"executed_lines": [], "summary": {"covered_lines": 0, "num_statements": 3, "percent_covered": 0.0, "percent_covered_display": "0", "missing_lines": 3, "excluded_lines": 0, "percent_statements_covered": 0.0, "percent_statements_covered_display": "0"}, "missing_lines": [73, 74, 76], "excluded_lines": [], "start_line": 70}, "": {"executed_lines": [], "summary": {"covered_lines": 0, "num_statements": 13, "percent_covered": 0.0, "percent_covered_display": "0", "missing_lines": 13, "excluded_lines": 0, "percent_statements_covered": 0.0, "percent_statements_covered_display": "0"}, "missing_lines": [1, 2, 3, 4, 5, 8, 18, 33, 43, 57, 58, 61, 70], "excluded_lines": [], "start_line": 1}}, "classes": {"TokenManager": {"executed_lines": [], "summary": {"covered_lines": 0, "num_statements": 20, "percent_covered": 0.0, "percent_covered_display": "0", "missing_lines": 20, "excluded_lines": 0, "percent_statements_covered": 0.0, "percent_statements_covered_display": "0"}, "missing_lines": [25, 26, 27, 28, 34, 35, 41, 44, 45, 48, 49, 50, 51, 52, 59, 62, 63, 73, 74, 76], "excluded_lines": [], "start_line": 8}, "": {"executed_lines": [], "summary": {"covered_lines": 0, "num_statements": 13, "percent_covered": 0.0, "percent_covered_display": "0", "missing_lines": 13, "excluded_lines": 0, "percent_statements_covered": 0.0, "percent_statements_covered_display": "0"}, "missing_lines": [1, 2, 3, 4, 5, 8, 18, 33, 43, 57, 58, 61, 70], "excluded_lines": [], "start_line": 1}}}, "backend\\python\\auth\\user_auth.py": {"executed_lines": [], "summary": {"covered_lines": 0, "num_statements": 59, "percent_covered": 0.0, "percent_covered_display": "0", "missing_lines": 59, "excluded_lines": 0, "percent_statements_covered": 0.0, "percent_statements_covered_display": "0"}, "missing_lines": [1, 2, 3, 4, 6, 9, 18, 19, 22, 27, 28, 29, 30, 31, 34, 36, 37, 39, 40, 42, 44, 54, 55, 57, 58, 60, 61, 66, 67, 69, 70, 72, 75, 76, 78, 79, 81, 82, 83, 85, 88, 89, 91, 96, 97, 99, 108, 109, 110, 112, 113, 115, 116, 118, 122, 123, 126, 127, 130], "excluded_lines": [], "functions": {"UserAuth.__init__": {"executed_lines": [], "summary": {"covered_lines": 0, "num_statements": 2, "percent_covered": 0.0, "percent_covered_display": "0", "missing_lines": 2, "excluded_lines": 0, "percent_statements_covered": 0.0, "percent_statements_covered_display": "0"}, "missing_lines": [19, 22], "excluded_lines": [], "start_line": 18}, "UserAuth._hash_password": {"executed_lines": [], "summary": {"covered_lines": 0, "num_statements": 4, "percent_covered": 0.0, "percent_covered_display": "0", "missing_lines": 4, "excluded_lines": 0, "percent_statements_covered": 0.0, "percent_statements_covered_display": "0"}, "missing_lines": [29, 30, 31, 34], "excluded_lines": [], "start_line": 28}, "UserAuth.create_user": {"executed_lines": [], "summary": {"covered_lines": 0, "num_statements": 5, "percent_covered": 0.0, "percent_covered_display": "0", "missing_lines": 5, "excluded_lines": 0, "percent_statements_covered": 0.0, "percent_statements_covered_display": "0"}, "missing_lines": [37, 39, 40, 42, 44], "excluded_lines": [], "start_line": 36}, "UserAuth._verify_password": {"executed_lines": [], "summary": {"covered_lines": 0, "num_statements": 5, "percent_covered": 0.0, "percent_covered_display": "0", "missing_lines": 5, "excluded_lines": 0, "percent_statements_covered": 0.0, "percent_statements_covered_display": "0"}, "missing_lines": [55, 57, 58, 60, 61], "excluded_lines": [], "start_line": 54}, "UserAuth.login": {"executed_lines": [], "summary": {"covered_lines": 0, "num_statements": 18, "percent_covered": 0.0, "percent_covered_display": "0", "missing_lines": 18, "excluded_lines": 0, "percent_statements_covered": 0.0, "percent_statements_covered_display": "0"}, "missing_lines": [67, 69, 70, 72, 75, 76, 78, 79, 81, 82, 83, 85, 88, 89, 91, 96, 97, 99], "excluded_lines": [], "start_line": 66}, "UserAuth.refresh_access": {"executed_lines": [], "summary": {"covered_lines": 0, "num_statements": 12, "percent_covered": 0.0, "percent_covered_display": "0", "missing_lines": 12, "excluded_lines": 0, "percent_statements_covered": 0.0, "percent_statements_covered_display": "0"}, "missing_lines": [109, 110, 112, 113, 115, 116, 118, 122, 123, 126, 127, 130], "excluded_lines": [], "start_line": 108}, "": {"executed_lines": [], "summary": {"covered_lines": 0, "num_statements": 13, "percent_covered": 0.0, "percent_covered_display": "0", "missing_lines": 13, "excluded_lines": 0, "percent_statements_covered": 0.0, "percent_statements_covered_display": "0"}, "missing_lines": [1, 2, 3, 4, 6, 9, 18, 27, 28, 36, 54, 66, 108], "excluded_lines": [], "start_line": 1}}, "classes": {"UserAuth": {"executed_lines": [], "summary": {"covered_lines": 0, "num_statements": 46, "percent_covered": 0.0, "percent_covered_display": "0", "missing_lines": 46, "excluded_lines": 0, "percent_statements_covered": 0.0, "percent_statements_covered_display": "0"}, "missing_lines": [19, 22, 29, 30, 31, 34, 37, 39, 40, 42, 44, 55, 57, 58, 60, 61, 67, 69, 70, 72, 75, 76, 78, 79, 81, 82, 83, 85, 88, 89, 91, 96, 97, 99, 109, 110, 112, 113, 115, 116, 118, 122, 123, 126, 127, 130], "excluded_lines": [], "start_line": 9}, "": {"executed_lines": [], "summary": {"covered_lines": 0, "num_statements": 13, "percent_covered": 0.0, "percent_covered_display": "0", "missing_lines": 13, "excluded_lines": 0, "percent_statements_covered": 0.0, "percent_statements_covered_display": "0"}, "missing_lines": [1, 2, 3, 4, 6, 9, 18, 27, 28, 36, 54, 66, 108], "excluded_lines": [], "start_line": 1}}}, "backend\\python\\core\\__init__.py": {"executed_lines": [1, 2, 4, 17], "summary": {"covered_lines": 4, "num_statements": 14, "percent_covered": 28.571428571428573, "percent_covered_display": "29", "missing_lines": 10, "excluded_lines": 0, "percent_statements_covered": 28.571428571428573, "percent_statements_covered_display": "29"}, "missing_lines": [18, 19, 20, 21, 22, 23, 24, 25, 26, 27], "excluded_lines": [], "functions": {"__getattr__": {"executed_lines": [], "summary": {"covered_lines": 0, "num_statements": 10, "percent_covered": 0.0, "percent_covered_display": "0", "missing_lines": 10, "excluded_lines": 0, "percent_statements_covered": 0.0, "percent_statements_covered_display": "0"}, "missing_lines": [18, 19, 20, 21, 22, 23, 24, 25, 26, 27], "excluded_lines": [], "start_line": 17}, "": {"executed_lines": [1, 2, 4, 17], "summary": {"covered_lines": 4, "num_statements": 4, "percent_covered": 100.0, "percent_covered_display": "100", "missing_lines": 0, "excluded_lines": 0, "percent_statements_covered": 100.0, "percent_statements_covered_display": "100"}, "missing_lines": [], "excluded_lines": [], "start_line": 1}}, "classes": {"": {"executed_lines": [1, 2, 4, 17], "summary": {"covered_lines": 4, "num_statements": 14, "percent_covered": 28.571428571428573, "percent_covered_display": "29", "missing_lines": 10, "excluded_lines": 0, "percent_statements_covered": 28.571428571428573, "percent_statements_covered_display": "29"}, "missing_lines": [18, 19, 20, 21, 22, 23, 24, 25, 26, 27], "excluded_lines": [], "start_line": 1}}}, "backend\\python\\core\\approval_gate.py": {"executed_lines": [1, 2, 3, 4, 5, 6, 7, 8, 11, 12, 15, 16, 19, 20, 23, 24, 31, 32, 33, 34, 35, 36, 38, 39, 42, 47, 48, 49, 50, 51, 53, 54, 55, 56, 57, 58, 65, 67, 68, 77, 78, 79, 81, 82, 83, 84, 85, 87, 90, 92, 93, 94, 95, 96, 98, 106, 107, 108, 109, 111, 114, 115, 116, 118, 119, 120, 123, 124, 125, 127, 132, 145, 146, 147, 148, 150, 151, 152, 154, 155, 156, 158, 159, 164, 165, 169, 171, 172, 173, 175, 177, 178, 179, 189, 190, 191, 192, 195, 197, 198, 199, 200, 202, 203, 204, 205, 206, 207, 208, 211], "summary": {"covered_lines": 110, "num_statements": 151, "percent_covered": 72.8476821192053, "percent_covered_display": "73", "missing_lines": 41, "excluded_lines": 0, "percent_statements_covered": 72.8476821192053, "percent_statements_covered_display": "73"}, "missing_lines": [86, 88, 89, 91, 110, 112, 113, 117, 121, 128, 129, 130, 133, 134, 135, 136, 137, 138, 139, 140, 141, 142, 143, 153, 160, 161, 162, 166, 167, 168, 174, 181, 182, 183, 184, 185, 186, 187, 193, 194, 210], "excluded_lines": [], "functions": {"_utc_now": {"executed_lines": [12], "summary": {"covered_lines": 1, "num_statements": 1, "percent_covered": 100.0, "percent_covered_display": "100", "missing_lines": 0, "excluded_lines": 0, "percent_statements_covered": 100.0, "percent_statements_covered_display": "100"}, "missing_lines": [], "excluded_lines": [], "start_line": 11}, "_utc_now_iso": {"executed_lines": [16], "summary": {"covered_lines": 1, "num_statements": 1, "percent_covered": 100.0, "percent_covered_display": "100", "missing_lines": 0, "excluded_lines": 0, "percent_statements_covered": 100.0, "percent_statements_covered_display": "100"}, "missing_lines": [], "excluded_lines": [], "start_line": 15}, "_stable_json": {"executed_lines": [20], "summary": {"covered_lines": 1, "num_statements": 1, "percent_covered": 100.0, "percent_covered_display": "100", "missing_lines": 0, "excluded_lines": 0, "percent_statements_covered": 100.0, "percent_statements_covered_display": "100"}, "missing_lines": [], "excluded_lines": [], "start_line": 19}, "ApprovalRecord.to_dict": {"executed_lines": [39], "summary": {"covered_lines": 1, "num_statements": 1, "percent_covered": 100.0, "percent_covered_display": "100", "missing_lines": 0, "excluded_lines": 0, "percent_statements_covered": 100.0, "percent_statements_covered_display": "100"}, "missing_lines": [], "excluded_lines": [], "start_line": 38}, "ApprovalGate.__init__": {"executed_lines": [48, 49, 50, 51], "summary": {"covered_lines": 4, "num_statements": 4, "percent_covered": 100.0, "percent_covered_display": "100", "missing_lines": 0, "excluded_lines": 0, "percent_statements_covered": 100.0, "percent_statements_covered_display": "100"}, "missing_lines": [], "excluded_lines": [], "start_line": 47}, "ApprovalGate.request": {"executed_lines": [54, 55, 56, 57, 58, 65, 67, 68, 77, 78, 79], "summary": {"covered_lines": 11, "num_statements": 11, "percent_covered": 100.0, "percent_covered_display": "100", "missing_lines": 0, "excluded_lines": 0, "percent_statements_covered": 100.0, "percent_statements_covered_display": "100"}, "missing_lines": [], "excluded_lines": [], "start_line": 53}, "ApprovalGate.approve": {"executed_lines": [82, 83, 84, 85, 87, 90, 92, 93, 94, 95, 96], "summary": {"covered_lines": 11, "num_statements": 15, "percent_covered": 73.33333333333333, "percent_covered_display": "73", "missing_lines": 4, "excluded_lines": 0, "percent_statements_covered": 73.33333333333333, "percent_statements_covered_display": "73"}, "missing_lines": [86, 88, 89, 91], "excluded_lines": [], "start_line": 81}, "ApprovalGate.consume": {"executed_lines": [106, 107, 108, 109, 111, 114, 115, 116, 118, 119, 120, 123, 124, 125], "summary": {"covered_lines": 14, "num_statements": 19, "percent_covered": 73.6842105263158, "percent_covered_display": "74", "missing_lines": 5, "excluded_lines": 0, "percent_statements_covered": 73.6842105263158, "percent_statements_covered_display": "74"}, "missing_lines": [110, 112, 113, 117, 121], "excluded_lines": [], "start_line": 98}, "ApprovalGate.get": {"executed_lines": [], "summary": {"covered_lines": 0, "num_statements": 3, "percent_covered": 0.0, "percent_covered_display": "0", "missing_lines": 3, "excluded_lines": 0, "percent_statements_covered": 0.0, "percent_statements_covered_display": "0"}, "missing_lines": [128, 129, 130], "excluded_lines": [], "start_line": 127}, "ApprovalGate.list": {"executed_lines": [], "summary": {"covered_lines": 0, "num_statements": 11, "percent_covered": 0.0, "percent_covered_display": "0", "missing_lines": 11, "excluded_lines": 0, "percent_statements_covered": 0.0, "percent_statements_covered_display": "0"}, "missing_lines": [133, 134, 135, 136, 137, 138, 139, 140, 141, 142, 143], "excluded_lines": [], "start_line": 132}, "ApprovalGate.pending_count": {"executed_lines": [146, 147, 148], "summary": {"covered_lines": 3, "num_statements": 3, "percent_covered": 100.0, "percent_covered_display": "100", "missing_lines": 0, "excluded_lines": 0, "percent_statements_covered": 100.0, "percent_statements_covered_display": "100"}, "missing_lines": [], "excluded_lines": [], "start_line": 145}, "ApprovalGate.extract_approval_id": {"executed_lines": [152, 154, 155, 156, 158, 159, 164, 165, 169], "summary": {"covered_lines": 9, "num_statements": 16, "percent_covered": 56.25, "percent_covered_display": "56", "missing_lines": 7, "excluded_lines": 0, "percent_statements_covered": 56.25, "percent_statements_covered_display": "56"}, "missing_lines": [153, 160, 161, 162, 166, 167, 168], "excluded_lines": [], "start_line": 151}, "ApprovalGate._cleanup": {"executed_lines": [172, 173, 175], "summary": {"covered_lines": 3, "num_statements": 4, "percent_covered": 75.0, "percent_covered_display": "75", "missing_lines": 1, "excluded_lines": 0, "percent_statements_covered": 75.0, "percent_statements_covered_display": "75"}, "missing_lines": [174], "excluded_lines": [], "start_line": 171}, "ApprovalGate._trim_if_needed": {"executed_lines": [178, 179], "summary": {"covered_lines": 2, "num_statements": 9, "percent_covered": 22.22222222222222, "percent_covered_display": "22", "missing_lines": 7, "excluded_lines": 0, "percent_statements_covered": 22.22222222222222, "percent_statements_covered_display": "22"}, "missing_lines": [181, 182, 183, 184, 185, 186, 187], "excluded_lines": [], "start_line": 177}, "ApprovalGate._is_expired": {"executed_lines": [191, 192, 195], "summary": {"covered_lines": 3, "num_statements": 5, "percent_covered": 60.0, "percent_covered_display": "60", "missing_lines": 2, "excluded_lines": 0, "percent_statements_covered": 60.0, "percent_statements_covered_display": "60"}, "missing_lines": [193, 194], "excluded_lines": [], "start_line": 190}, "ApprovalGate._hash_args": {"executed_lines": [199, 200], "summary": {"covered_lines": 2, "num_statements": 2, "percent_covered": 100.0, "percent_covered_display": "100", "missing_lines": 0, "excluded_lines": 0, "percent_statements_covered": 100.0, "percent_statements_covered_display": "100"}, "missing_lines": [], "excluded_lines": [], "start_line": 198}, "ApprovalGate._preview_args": {"executed_lines": [204, 205, 206, 207, 208, 211], "summary": {"covered_lines": 6, "num_statements": 7, "percent_covered": 85.71428571428571, "percent_covered_display": "86", "missing_lines": 1, "excluded_lines": 0, "percent_statements_covered": 85.71428571428571, "percent_statements_covered_display": "86"}, "missing_lines": [210], "excluded_lines": [], "start_line": 203}, "": {"executed_lines": [1, 2, 3, 4, 5, 6, 7, 8, 11, 15, 19, 23, 24, 31, 32, 33, 34, 35, 36, 38, 42, 47, 53, 81, 98, 127, 132, 145, 150, 151, 171, 177, 189, 190, 197, 198, 202, 203], "summary": {"covered_lines": 38, "num_statements": 38, "percent_covered": 100.0, "percent_covered_display": "100", "missing_lines": 0, "excluded_lines": 0, "percent_statements_covered": 100.0, "percent_statements_covered_display": "100"}, "missing_lines": [], "excluded_lines": [], "start_line": 1}}, "classes": {"ApprovalRecord": {"executed_lines": [39], "summary": {"covered_lines": 1, "num_statements": 1, "percent_covered": 100.0, "percent_covered_display": "100", "missing_lines": 0, "excluded_lines": 0, "percent_statements_covered": 100.0, "percent_statements_covered_display": "100"}, "missing_lines": [], "excluded_lines": [], "start_line": 24}, "ApprovalGate": {"executed_lines": [48, 49, 50, 51, 54, 55, 56, 57, 58, 65, 67, 68, 77, 78, 79, 82, 83, 84, 85, 87, 90, 92, 93, 94, 95, 96, 106, 107, 108, 109, 111, 114, 115, 116, 118, 119, 120, 123, 124, 125, 146, 147, 148, 152, 154, 155, 156, 158, 159, 164, 165, 169, 172, 173, 175, 178, 179, 191, 192, 195, 199, 200, 204, 205, 206, 207, 208, 211], "summary": {"covered_lines": 68, "num_statements": 109, "percent_covered": 62.38532110091743, "percent_covered_display": "62", "missing_lines": 41, "excluded_lines": 0, "percent_statements_covered": 62.38532110091743, "percent_statements_covered_display": "62"}, "missing_lines": [86, 88, 89, 91, 110, 112, 113, 117, 121, 128, 129, 130, 133, 134, 135, 136, 137, 138, 139, 140, 141, 142, 143, 153, 160, 161, 162, 166, 167, 168, 174, 181, 182, 183, 184, 185, 186, 187, 193, 194, 210], "excluded_lines": [], "start_line": 42}, "": {"executed_lines": [1, 2, 3, 4, 5, 6, 7, 8, 11, 12, 15, 16, 19, 20, 23, 24, 31, 32, 33, 34, 35, 36, 38, 42, 47, 53, 81, 98, 127, 132, 145, 150, 151, 171, 177, 189, 190, 197, 198, 202, 203], "summary": {"covered_lines": 41, "num_statements": 41, "percent_covered": 100.0, "percent_covered_display": "100", "missing_lines": 0, "excluded_lines": 0, "percent_statements_covered": 100.0, "percent_statements_covered_display": "100"}, "missing_lines": [], "excluded_lines": [], "start_line": 1}}}, "backend\\python\\core\\circuit_breaker.py": {"executed_lines": [1, 3, 4, 5, 6, 9, 10, 13, 14, 17, 18, 19, 21, 22, 23, 26, 28, 31, 32, 33, 34, 35, 36, 37, 38, 39, 41, 42, 45, 50, 52, 60, 61, 62, 63, 64, 65, 67, 68, 69, 71, 72, 73, 74, 75, 76, 78, 79, 84, 85, 89, 91, 92, 93, 95, 96, 97, 98, 100, 101, 102, 103, 105, 106, 107, 108, 109, 110, 111, 112, 113, 115, 122, 130, 131, 132, 133, 135, 136, 137, 138, 139, 140, 141, 143, 144, 145, 147, 148, 149, 150, 151, 152, 154, 155, 156], "summary": {"covered_lines": 96, "num_statements": 121, "percent_covered": 79.33884297520662, "percent_covered_display": "79", "missing_lines": 25, "excluded_lines": 0, "percent_statements_covered": 79.33884297520662, "percent_statements_covered_display": "79"}, "missing_lines": [20, 24, 25, 27, 70, 77, 80, 81, 82, 83, 94, 116, 117, 118, 119, 123, 124, 125, 126, 127, 128, 157, 158, 159, 160], "excluded_lines": [], "functions": {"_utc_now": {"executed_lines": [10], "summary": {"covered_lines": 1, "num_statements": 1, "percent_covered": 100.0, "percent_covered_display": "100", "missing_lines": 0, "excluded_lines": 0, "percent_statements_covered": 100.0, "percent_statements_covered_display": "100"}, "missing_lines": [], "excluded_lines": [], "start_line": 9}, "_iso": {"executed_lines": [14], "summary": {"covered_lines": 1, "num_statements": 1, "percent_covered": 100.0, "percent_covered_display": "100", "missing_lines": 0, "excluded_lines": 0, "percent_statements_covered": 100.0, "percent_statements_covered_display": "100"}, "missing_lines": [], "excluded_lines": [], "start_line": 13}, "_parse_iso": {"executed_lines": [18, 19, 21, 22, 23, 26, 28], "summary": {"covered_lines": 7, "num_statements": 11, "percent_covered": 63.63636363636363, "percent_covered_display": "64", "missing_lines": 4, "excluded_lines": 0, "percent_statements_covered": 63.63636363636363, "percent_statements_covered_display": "64"}, "missing_lines": [20, 24, 25, 27], "excluded_lines": [], "start_line": 17}, "CircuitState.to_dict": {"executed_lines": [42], "summary": {"covered_lines": 1, "num_statements": 1, "percent_covered": 100.0, "percent_covered_display": "100", "missing_lines": 0, "excluded_lines": 0, "percent_statements_covered": 100.0, "percent_statements_covered_display": "100"}, "missing_lines": [], "excluded_lines": [], "start_line": 41}, "ActionCircuitBreaker.__init__": {"executed_lines": [60, 61, 62, 63, 64, 65], "summary": {"covered_lines": 6, "num_statements": 6, "percent_covered": 100.0, "percent_covered_display": "100", "missing_lines": 0, "excluded_lines": 0, "percent_statements_covered": 100.0, "percent_statements_covered_display": "100"}, "missing_lines": [], "excluded_lines": [], "start_line": 52}, "ActionCircuitBreaker.should_block": {"executed_lines": [68, 69, 71, 72, 73, 74, 75, 76, 78, 79, 84, 85, 89], "summary": {"covered_lines": 13, "num_statements": 19, "percent_covered": 68.42105263157895, "percent_covered_display": "68", "missing_lines": 6, "excluded_lines": 0, "percent_statements_covered": 68.42105263157895, "percent_statements_covered_display": "68"}, "missing_lines": [70, 77, 80, 81, 82, 83], "excluded_lines": [], "start_line": 67}, "ActionCircuitBreaker.record_outcome": {"executed_lines": [92, 93, 95, 96, 97, 98, 100, 101, 102, 103, 105, 106, 107, 108, 109, 110, 111, 112, 113, 115, 122, 130, 131, 132, 133, 135, 136, 137, 138, 139, 140, 141, 143, 144, 145], "summary": {"covered_lines": 35, "num_statements": 46, "percent_covered": 76.08695652173913, "percent_covered_display": "76", "missing_lines": 11, "excluded_lines": 0, "percent_statements_covered": 76.08695652173913, "percent_statements_covered_display": "76"}, "missing_lines": [94, 116, 117, 118, 119, 123, 124, 125, 126, 127, 128], "excluded_lines": [], "start_line": 91}, "ActionCircuitBreaker.snapshot": {"executed_lines": [148, 149, 150, 151, 152], "summary": {"covered_lines": 5, "num_statements": 5, "percent_covered": 100.0, "percent_covered_display": "100", "missing_lines": 0, "excluded_lines": 0, "percent_statements_covered": 100.0, "percent_statements_covered_display": "100"}, "missing_lines": [], "excluded_lines": [], "start_line": 147}, "ActionCircuitBreaker._trim_locked": {"executed_lines": [155, 156], "summary": {"covered_lines": 2, "num_statements": 6, "percent_covered": 33.333333333333336, "percent_covered_display": "33", "missing_lines": 4, "excluded_lines": 0, "percent_statements_covered": 33.333333333333336, "percent_statements_covered_display": "33"}, "missing_lines": [157, 158, 159, 160], "excluded_lines": [], "start_line": 154}, "": {"executed_lines": [1, 3, 4, 5, 6, 9, 13, 17, 31, 32, 33, 34, 35, 36, 37, 38, 39, 41, 45, 50, 52, 67, 91, 147, 154], "summary": {"covered_lines": 25, "num_statements": 25, "percent_covered": 100.0, "percent_covered_display": "100", "missing_lines": 0, "excluded_lines": 0, "percent_statements_covered": 100.0, "percent_statements_covered_display": "100"}, "missing_lines": [], "excluded_lines": [], "start_line": 1}}, "classes": {"CircuitState": {"executed_lines": [42], "summary": {"covered_lines": 1, "num_statements": 1, "percent_covered": 100.0, "percent_covered_display": "100", "missing_lines": 0, "excluded_lines": 0, "percent_statements_covered": 100.0, "percent_statements_covered_display": "100"}, "missing_lines": [], "excluded_lines": [], "start_line": 32}, "ActionCircuitBreaker": {"executed_lines": [60, 61, 62, 63, 64, 65, 68, 69, 71, 72, 73, 74, 75, 76, 78, 79, 84, 85, 89, 92, 93, 95, 96, 97, 98, 100, 101, 102, 103, 105, 106, 107, 108, 109, 110, 111, 112, 113, 115, 122, 130, 131, 132, 133, 135, 136, 137, 138, 139, 140, 141, 143, 144, 145, 148, 149, 150, 151, 152, 155, 156], "summary": {"covered_lines": 61, "num_statements": 82, "percent_covered": 74.39024390243902, "percent_covered_display": "74", "missing_lines": 21, "excluded_lines": 0, "percent_statements_covered": 74.39024390243902, "percent_statements_covered_display": "74"}, "missing_lines": [70, 77, 80, 81, 82, 83, 94, 116, 117, 118, 119, 123, 124, 125, 126, 127, 128, 157, 158, 159, 160], "excluded_lines": [], "start_line": 45}, "": {"executed_lines": [1, 3, 4, 5, 6, 9, 10, 13, 14, 17, 18, 19, 21, 22, 23, 26, 28, 31, 32, 33, 34, 35, 36, 37, 38, 39, 41, 45, 50, 52, 67, 91, 147, 154], "summary": {"covered_lines": 34, "num_statements": 38, "percent_covered": 89.47368421052632, "percent_covered_display": "89", "missing_lines": 4, "excluded_lines": 0, "percent_statements_covered": 89.47368421052632, "percent_statements_covered_display": "89"}, "missing_lines": [20, 24, 25, 27], "excluded_lines": [], "start_line": 1}}}, "backend\\python\\core\\contracts.py": {"executed_lines": [1, 2, 3, 5, 7, 10, 11, 14, 15, 17, 18, 19, 20, 21, 24, 25, 28, 29, 30, 31, 32, 33, 36, 37, 40, 41, 42, 43, 44, 45, 46, 49, 50, 55, 56, 59, 60, 62, 63, 64, 67, 68, 71, 72, 73, 74, 75, 76], "summary": {"covered_lines": 48, "num_statements": 48, "percent_covered": 100.0, "percent_covered_display": "100", "missing_lines": 0, "excluded_lines": 0, "percent_statements_covered": 100.0, "percent_statements_covered_display": "100"}, "missing_lines": [], "excluded_lines": [], "functions": {"utc_now_iso": {"executed_lines": [11], "summary": {"covered_lines": 1, "num_statements": 1, "percent_covered": 100.0, "percent_covered_display": "100", "missing_lines": 0, "excluded_lines": 0, "percent_statements_covered": 100.0, "percent_statements_covered_display": "100"}, "missing_lines": [], "excluded_lines": [], "start_line": 10}, "": {"executed_lines": [1, 2, 3, 5, 7, 10, 14, 15, 17, 18, 19, 20, 21, 24, 25, 28, 29, 30, 31, 32, 33, 36, 37, 40, 41, 42, 43, 44, 45, 46, 49, 50, 55, 56, 59, 60, 62, 63, 64, 67, 68, 71, 72, 73, 74, 75, 76], "summary": {"covered_lines": 47, "num_statements": 47, "percent_covered": 100.0, "percent_covered_display": "100", "missing_lines": 0, "excluded_lines": 0, "percent_statements_covered": 100.0, "percent_statements_covered_display": "100"}, "missing_lines": [], "excluded_lines": [], "start_line": 1}}, "classes": {"ActionRequest": {"executed_lines": [], "summary": {"covered_lines": 0, "num_statements": 0, "percent_covered": 100.0, "percent_covered_display": "100", "missing_lines": 0, "excluded_lines": 0, "percent_statements_covered": 100.0, "percent_statements_covered_display": "100"}, "missing_lines": [], "excluded_lines": [], "start_line": 15}, "ActionResult": {"executed_lines": [], "summary": {"covered_lines": 0, "num_statements": 0, "percent_covered": 100.0, "percent_covered_display": "100", "missing_lines": 0, "excluded_lines": 0, "percent_statements_covered": 100.0, "percent_statements_covered_display": "100"}, "missing_lines": [], "excluded_lines": [], "start_line": 25}, "PlanStep": {"executed_lines": [], "summary": {"covered_lines": 0, "num_statements": 0, "percent_covered": 100.0, "percent_covered_display": "100", "missing_lines": 0, "excluded_lines": 0, "percent_statements_covered": 100.0, "percent_statements_covered_display": "100"}, "missing_lines": [], "excluded_lines": [], "start_line": 37}, "ExecutionPlan": {"executed_lines": [], "summary": {"covered_lines": 0, "num_statements": 0, "percent_covered": 100.0, "percent_covered_display": "100", "missing_lines": 0, "excluded_lines": 0, "percent_statements_covered": 100.0, "percent_statements_covered_display": "100"}, "missing_lines": [], "excluded_lines": [], "start_line": 50}, "GoalRequest": {"executed_lines": [], "summary": {"covered_lines": 0, "num_statements": 0, "percent_covered": 100.0, "percent_covered_display": "100", "missing_lines": 0, "excluded_lines": 0, "percent_statements_covered": 100.0, "percent_statements_covered_display": "100"}, "missing_lines": [], "excluded_lines": [], "start_line": 60}, "GoalRecord": {"executed_lines": [], "summary": {"covered_lines": 0, "num_statements": 0, "percent_covered": 100.0, "percent_covered_display": "100", 
[...]
 "missing_lines": [18, 19, 20, 21, 23, 24, 25, 27, 28, 32, 33, 34, 38, 39, 40, 44, 45, 48, 52, 53], "excluded_lines": [], "functions": {"ConfigLoader.load_config": {"executed_lines": [], "summary": {"covered_lines": 0, "num_statements": 9, "percent_covered": 0.0, "percent_covered_display": "0", "missing_lines": 9, "excluded_lines": 0, "percent_statements_covered": 0.0, "percent_statements_covered_display": "0"}, "missing_lines": [18, 19, 20, 21, 23, 24, 25, 27, 28], "excluded_lines": [], "start_line": 17}, "ConfigLoader.get": {"executed_lines": [], "summary": {"covered_lines": 0, "num_statements": 3, "percent_covered": 0.0, "percent_covered_display": "0", "missing_lines": 3, "excluded_lines": 0, "percent_statements_covered": 0.0, "percent_statements_covered_display": "0"}, "missing_lines": [32, 33, 34], "excluded_lines": [], "start_line": 31}, "ConfigLoader.set": {"executed_lines": [], "summary": {"covered_lines": 0, "num_statements": 3, "percent_covered": 0.0, "percent_covered_display": "0", "missing_lines": 3, "excluded_lines": 0, "percent_statements_covered": 0.0, "percent_statements_covered_display": "0"}, "missing_lines": [38, 39, 40], "excluded_lines": [], "start_line": 37}, "ConfigLoader.save": {"executed_lines": [], "summary": {"covered_lines": 0, "num_statements": 3, "percent_covered": 0.0, "percent_covered_display": "0", "missing_lines": 3, "excluded_lines": 0, "percent_statements_covered": 0.0, "percent_statements_covered_display": "0"}, "missing_lines": [44, 45, 48], "excluded_lines": [], "start_line": 43}, "ConfigLoader.reload": {"executed_lines": [], "summary": {"covered_lines": 0, "num_statements": 2, "percent_covered": 0.0, "percent_covered_display": "0", "missing_lines": 2, "excluded_lines": 0, "percent_statements_covered": 0.0, "percent_statements_covered_display": "0"}, "missing_lines": [52, 53], "excluded_lines": [], "start_line": 51}, "": {"executed_lines": [1, 2, 3, 4, 5, 7, 9, 10, 11, 13, 14, 16, 17, 30, 31, 36, 37, 42, 43, 50, 51], "summary": {"covered_lines": 21, "num_statements": 21, "percent_covered": 100.0, "percent_covered_display": "100", "missing_lines": 0, "excluded_lines": 0, "percent_statements_covered": 100.0, "percent_statements_covered_display": "100"}, "missing_lines": [], "excluded_lines": [], "start_line": 1}}, "classes": {"ConfigLoader": {"executed_lines": [], "summary": {"covered_lines": 0, "num_statements": 20, "percent_covered": 0.0, "percent_covered_display": "0", "missing_lines": 20, "excluded_lines": 0, "percent_statements_covered": 0.0, "percent_statements_covered_display": "0"}, "missing_lines": [18, 19, 20, 21, 23, 24, 25, 27, 28, 32, 33, 34, 38, 39, 40, 44, 45, 48, 52, 53], "excluded_lines": [], "start_line": 9}, "": {"executed_lines": [1, 2, 3, 4, 5, 7, 9, 10, 11, 13, 14, 16, 17, 30, 31, 36, 37, 42, 43, 50, 51], "summary": {"covered_lines": 21, "num_statements": 21, "percent_covered": 100.0, "percent_covered_display": "100", "missing_lines": 0, "excluded_lines": 0, "percent_statements_covered": 100.0, "percent_statements_covered_display": "100"}, "missing_lines": [], "excluded_lines": [], "start_line": 1}}}, "backend\\python\\utils\\error_handler.py": {"executed_lines": [1, 2, 3, 4, 6, 8, 11, 15, 19, 23, 24, 25, 31, 32, 56], "summary": {"covered_lines": 15, "num_statements": 48, "percent_covered": 31.25, "percent_covered_display": "31", "missing_lines": 33, "excluded_lines": 0, "percent_statements_covered": 31.25, "percent_statements_covered_display": "31"}, "missing_lines": [26, 27, 28, 29, 33, 35, 36, 37, 38, 39, 40, 41, 43, 45, 46, 47, 48, 49, 50, 51, 53, 60, 62, 63, 64, 65, 66, 68, 70, 71, 72, 73, 75], "excluded_lines": [], "functions": {"SafeErrorHandler.handle_error": {"executed_lines": [], "summary": {"covered_lines": 0, "num_statements": 4, "percent_covered": 0.0, "percent_covered_display": "0", "missing_lines": 4, "excluded_lines": 0, "percent_statements_covered": 0.0, "percent_statements_covered_display": "0"}, "missing_lines": [26, 27, 28, 29], "excluded_lines": [], "start_line": 25}, "SafeErrorHandler.guard": {"executed_lines": [], "summary": {"covered_lines": 0, "num_statements": 7, "percent_covered": 0.0, "percent_covered_display": "0", "missing_lines": 7, "excluded_lines": 0, "percent_statements_covered": 0.0, "percent_statements_covered_display": "0"}, "missing_lines": [33, 35, 36, 43, 45, 46, 53], "excluded_lines": [], "start_line": 32}, "SafeErrorHandler.guard.async_wrapper": {"executed_lines": [], "summary": {"covered_lines": 0, "num_statements": 5, "percent_covered": 0.0, "percent_covered_display": "0", "missing_lines": 5, "excluded_lines": 0, "percent_statements_covered": 0.0, "percent_statements_covered_display": "0"}, "missing_lines": [37, 38, 39, 40, 41], "excluded_lines": [], "start_line": 36}, "SafeErrorHandler.guard.wrapper": {"executed_lines": [], "summary": {"covered_lines": 0, "num_statements": 5, "percent_covered": 0.0, "percent_covered_display": "0", "missing_lines": 5, "excluded_lines": 0, "percent_statements_covered": 0.0, "percent_statements_covered_display": "0"}, "missing_lines": [47, 48, 49, 50, 51], "excluded_lines": [], "start_line": 46}, "global_exception_handler": {"executed_lines": [], "summary": {"covered_lines": 0, "num_statements": 7, "percent_covered": 0.0, "percent_covered_display": "0", "missing_lines": 7, "excluded_lines": 0, "percent_statements_covered": 0.0, "percent_statements_covered_display": "0"}, "missing_lines": [60, 62, 70, 71, 72, 73, 75], "excluded_lines": [], "start_line": 56}, "global_exception_handler.handle_exception": {"executed_lines": [], "summary": {"covered_lines": 0, "num_statements": 5, "percent_covered": 0.0, "percent_covered_display": "0", "missing_lines": 5, "excluded_lines": 0, "percent_statements_covered": 0.0, "percent_statements_covered_display": "0"}, "missing_lines": [63, 64, 65, 66, 68], "excluded_lines": [], "start_line": 62}, "": {"executed_lines": [1, 2, 3, 4, 6, 8, 11, 15, 19, 23, 24, 25, 31, 32, 56], "summary": {"covered_lines": 15, "num_statements": 15, "percent_covered": 100.0, "percent_covered_display": "100", "missing_lines": 0, "excluded_lines": 0, "percent_statements_covered": 100.0, "percent_statements_covered_display": "100"}, "missing_lines": [], "excluded_lines": [], "start_line": 1}}, "classes": {"JarvisError": {"executed_lines": [], "summary": {"covered_lines": 0, "num_statements": 0, "percent_covered": 100.0, "percent_covered_display": "100", "missing_lines": 0, "excluded_lines": 0, "percent_statements_covered": 100.0, "percent_statements_covered_display": "100"}, "missing_lines": [], "excluded_lines": [], "start_line": 11}, "ConfigError": {"executed_lines": [], "summary": {"covered_lines": 0, "num_statements": 0, "percent_covered": 100.0, "percent_covered_display": "100", "missing_lines": 0, "excluded_lines": 0, "percent_statements_covered": 100.0, "percent_statements_covered_display": "100"}, "missing_lines": [], "excluded_lines": [], "start_line": 15}, "ValidationError": {"executed_lines": [], "summary": {"covered_lines": 0, "num_statements": 0, "percent_covered": 100.0, "percent_covered_display": "100", "missing_lines": 0, "excluded_lines": 0, "percent_statements_covered": 100.0, "percent_statements_covered_display": "100"}, "missing_lines": [], "excluded_lines": [], "start_line": 19}, "SafeErrorHandler": {"executed_lines": [], "summary": {"covered_lines": 0, "num_statements": 21, "percent_covered": 0.0, "percent_covered_display": "0", "missing_lines": 21, "excluded_lines": 0, "percent_statements_covered": 0.0, "percent_statements_covered_display": "0"}, "missing_lines": [26, 27, 28, 29, 33, 35, 36, 37, 38, 39, 40, 41, 43, 45, 46, 47, 48, 49, 50, 51, 53], "excluded_lines": [], "start_line": 23}, "": {"executed_lines": [1, 2, 3, 4, 6, 8, 11, 15, 19, 23, 24, 25, 31, 32, 56], "summary": {"covered_lines": 15, "num_statements": 27, "percent_covered": 55.55555555555556, "percent_covered_display": "56", "missing_lines": 12, "excluded_lines": 0, "percent_statements_covered": 55.55555555555556, "percent_statements_covered_display": "56"}, "missing_lines": [60, 62, 63, 64, 65, 66, 68, 70, 71, 72, 73, 75], "excluded_lines": [], "start_line": 1}}}, "backend\\python\\utils\\event_types.py": {"executed_lines": [1, 3, 4, 5, 6, 7, 8, 9, 10, 11, 12, 13, 14, 15, 16], "summary": {"covered_lines": 15, "num_statements": 15, "percent_covered": 100.0, "percent_covered_display": "100", "missing_lines": 0, "excluded_lines": 0, "percent_statements_covered": 100.0, "percent_statements_covered_display": "100"}, "missing_lines": [], "excluded_lines": [], "functions": {"": {"executed_lines": [1, 3, 4, 5, 6, 7, 8, 9, 10, 11, 12, 13, 14, 15, 16], "summary": {"covered_lines": 15, "num_statements": 15, "percent_covered": 100.0, "percent_covered_display": "100", "missing_lines": 0, "excluded_lines": 0, "percent_statements_covered": 100.0, "percent_statements_covered_display": "100"}, "missing_lines": [], "excluded_lines": [], "start_line": 1}}, "classes": {"EventType": {"executed_lines": [], "summary": {"covered_lines": 0, "num_statements": 0, "percent_covered": 100.0, "percent_covered_display": "100", "missing_lines": 0, "excluded_lines": 0, "percent_statements_covered": 100.0, "percent_statements_covered_display": "100"}, "missing_lines": [], "excluded_lines": [], "start_line": 3}, "": {"executed_lines": [1, 3, 4, 5, 6, 7, 8, 9, 10, 11, 12, 13, 14, 15, 16], "summary": {"covered_lines": 15, "num_statements": 15, "percent_covered": 100.0, "percent_covered_display": "100", "missing_lines": 0, "excluded_lines": 0, "percent_statements_covered": 100.0, "percent_statements_covered_display": "100"}, "missing_lines": [], "excluded_lines": [], "start_line": 1}}}, "backend\\python\\utils\\file_utils.py": {"executed_lines": [1, 2, 3, 4, 6, 8, 9, 13, 14, 21, 22, 30, 31, 38, 39], "summary": {"covered_lines": 15, "num_statements": 38, "percent_covered": 39.473684210526315, "percent_covered_display": "39", "missing_lines": 23, "excluded_lines": 0, "percent_statements_covered": 39.473684210526315, "percent_statements_covered_display": "39"}, "missing_lines": [10, 11, 15, 16, 17, 18, 19, 23, 24, 25, 26, 27, 28, 32, 33, 34, 35, 36, 41, 42, 43, 45, 46], "excluded_lines": [], "functions": {"FileUtils.read_json": {"executed_lines": [], "summary": {"covered_lines": 0, "num_statements": 2, "percent_covered": 0.0, "percent_covered_display": "0", "missing_lines": 2, "excluded_lines": 0, "percent_statements_covered": 0.0, "percent_statements_covered_display": "0"}, "missing_lines": [10, 11], "excluded_lines": [], "start_line": 9}, "FileUtils.write_json": {"executed_lines": [], "summary": {"covered_lines": 0, "num_statements": 5, "percent_covered": 0.0, "percent_covered_display": "0", "missing_lines": 5, "excluded_lines": 0, "percent_statements_covered": 0.0, "percent_statements_covered_display": "0"}, "missing_lines": [15, 16, 17, 18, 19], "excluded_lines": [], "start_line": 14}, "FileUtils.calculate_folder_size": {"executed_lines": [], "summary": {"covered_lines": 0, "num_statements": 6, "percent_covered": 0.0, "percent_covered_display": "0", "missing_lines": 6, "excluded_lines": 0, "percent_statements_covered": 0.0, "percent_statements_covered_display": "0"}, "missing_lines": [23, 24, 25, 26, 27, 28], "excluded_lines": [], "start_line": 22}, "FileUtils.clean_directory": {"executed_lines": [], "summary": {"covered_lines": 0, "num_statements": 5, "percent_covered": 0.0, "percent_covered_display": "0", "missing_lines": 5, "excluded_lines": 0, "percent_statements_covered": 0.0, "percent_statements_covered_display": "0"}, "missing_lines": [32, 33, 34, 35, 36], "excluded_lines": [], "start_line": 31}, "FileUtils.merge_json": {"executed_lines": [], "summary": {"covered_lines": 0, "num_statements": 5, "percent_covered": 0.0, "percent_covered_display": "0", "missing_lines": 5, "excluded_lines": 0, "percent_statements_covered": 0.0, "percent_statements_covered_display": "0"}, "missing_lines": [41, 42, 43, 45, 46], "excluded_lines": [], "start_line": 39}, "": {"executed_lines": [1, 2, 3, 4, 6, 8, 9, 13, 14, 21, 22, 30, 31, 38, 39], "summary": {"covered_lines": 15, "num_statements": 15, "percent_covered": 100.0, "percent_covered_display": "100", "missing_lines": 0, "excluded_lines": 0, "percent_statements_covered": 100.0, "percent_statements_covered_display": "100"}, "missing_lines": [], "excluded_lines": [], "start_line": 1}}, "classes": {"FileUtils": {"executed_lines": [], "summary": {"covered_lines": 0, "num_statements": 23, "percent_covered": 0.0, "percent_covered_display": "0", "missing_lines": 23, "excluded_lines": 0, "percent_statements_covered": 0.0, "percent_statements_covered_display": "0"}, "missing_lines": [10, 11, 15, 16, 17, 18, 19, 23, 24, 25, 26, 27, 28, 32, 33, 34, 35, 36, 41, 42, 43, 45, 46], "excluded_lines": [], "start_line": 6}, "": {"executed_lines": [1, 2, 3, 4, 6, 8, 9, 13, 14, 21, 22, 30, 31, 38, 39], "summary": {"covered_lines": 15, "num_statements": 15, "percent_covered": 100.0, "percent_covered_display": "100", "missing_lines": 0, "excluded_lines": 0, "percent_statements_covered": 100.0, "percent_statements_covered_display": "100"}, "missing_lines": [], "excluded_lines": [], "start_line": 1}}}, "backend\\python\\utils\\logger.py": {"executed_lines": [1, 2, 3, 4, 5, 6, 9, 18, 19, 21, 22, 23, 25, 27, 31, 32, 33, 35, 36, 37, 38, 39, 41, 42, 44, 45, 46, 50, 56, 57, 59, 60, 63, 72, 73], "summary": {"covered_lines": 35, "num_statements": 38, "percent_covered": 92.10526315789474, "percent_covered_display": "92", "missing_lines": 3, "excluded_lines": 0, "percent_statements_covered": 92.10526315789474, "percent_statements_covered_display": "92"}, "missing_lines": [29, 64, 70], "excluded_lines": [], "functions": {"Logger.__init__": {"executed_lines": [22, 23, 25], "summary": {"covered_lines": 3, "num_statements": 3, "percent_covered": 100.0, "percent_covered_display": "100", "missing_lines": 0, "excluded_lines": 0, "percent_statements_covered": 100.0, "percent_statements_covered_display": "100"}, "missing_lines": [], "excluded_lines": [], "start_line": 21}, "Logger.__getattr__": {"executed_lines": [], "summary": {"covered_lines": 0, "num_statements": 1, "percent_covered": 0.0, "percent_covered_display": "0", "missing_lines": 1, "excluded_lines": 0, "percent_statements_covered": 0.0, "percent_statements_covered_display": "0"}, "missing_lines": [29], "excluded_lines": [], "start_line": 27}, "Logger.get_logger": {"executed_lines": [33], "summary": {"covered_lines": 1, "num_statements": 1, "percent_covered": 100.0, "percent_covered_display": "100", "missing_lines": 0, "excluded_lines": 0, "percent_statements_covered": 100.0, "percent_statements_covered_display": "100"}, "missing_lines": [], "excluded_lines": [], "start_line": 32}, "Logger._build_logger": {"executed_lines": [37, 38, 39, 41, 42, 44, 45, 46, 50, 56, 57, 59, 60, 63, 72, 73], "summary": {"covered_lines": 16, "num_statements": 16, "percent_covered": 100.0, "percent_covered_display": "100", "missing_lines": 0, "excluded_lines": 0, "percent_statements_covered": 100.0, "percent_statements_covered_display": "100"}, "missing_lines": [], "excluded_lines": [], "start_line": 36}, "Logger._build_logger.json_log": {"executed_lines": [], "summary": {"covered_lines": 0, "num_statements": 2, "percent_covered": 0.0, "percent_covered_display": "0", "missing_lines": 2, "excluded_lines": 0, "percent_statements_covered": 0.0, "percent_statements_covered_display": "0"}, "missing_lines": [64, 70], "excluded_lines": [], "start_line": 63}, "": {"executed_lines": [1, 2, 3, 4, 5, 6, 9, 18, 19, 21, 27, 31, 32, 35, 36], "summary": {"covered_lines": 15, "num_statements": 15, "percent_covered": 100.0, "percent_covered_display": "100", "missing_lines": 0, "excluded_lines": 0, "percent_statements_covered": 100.0, "percent_statements_covered_display": "100"}, "missing_lines": [], "excluded_lines": [], "start_line": 1}}, "classes": {"Logger": {"executed_lines": [22, 23, 25, 33, 37, 38, 39, 41, 42, 44, 45, 46, 50, 56, 57, 59, 60, 63, 72, 73], "summary": {"covered_lines": 20, "num_statements": 23, "percent_covered": 86.95652173913044, "percent_covered_display": "87", "missing_lines": 3, "excluded_lines": 0, "percent_statements_covered": 86.95652173913044, "percent_statements_covered_display": "87"}, "missing_lines": [29, 64, 70], "excluded_lines": [], "start_line": 9}, "": {"executed_lines": [1, 2, 3, 4, 5, 6, 9, 18, 19, 21, 27, 31, 32, 35, 36], "summary": {"covered_lines": 15, "num_statements": 15, "percent_covered": 100.0, "percent_covered_display": "100", "missing_lines": 0, "excluded_lines": 0, "percent_statements_covered": 100.0, "percent_statements_covered_display": "100"}, "missing_lines": [], "excluded_lines": [], "start_line": 1}}}, "backend\\python\\utils\\validators.py": {"executed_lines": [1, 2, 3, 5, 7, 8, 14, 15, 22, 23, 28, 29], "summary": {"covered_lines": 12, "num_statements": 27, "percent_covered": 44.44444444444444, "percent_covered_display": "44", "missing_lines": 15, "excluded_lines": 0, "percent_statements_covered": 44.44444444444444, "percent_statements_covered_display": "44"}, "missing_lines": [9, 10, 11, 12, 16, 17, 20, 24, 25, 26, 30, 31, 32, 33, 34], "excluded_lines": [], "functions": {"Validators.validate_path": {"executed_lines": [], "summary": {"covered_lines": 0, "num_statements": 4, "percent_covered": 0.0, "percent_covered_display": "0", "missing_lines": 4, "excluded_lines": 0, "percent_statements_covered": 0.0, "percent_statements_covered_display": "0"}, "missing_lines": [9, 10, 11, 12], "excluded_lines": [], "start_line": 8}, "Validators.validate_type": {"executed_lines": [], "summary": {"covered_lines": 0, "num_statements": 3, "percent_covered": 0.0, "percent_covered_display": "0", "missing_lines": 3, "excluded_lines": 0, "percent_statements_covered": 0.0, "percent_statements_covered_display": "0"}, "missing_lines": [16, 17, 20], "excluded_lines": [], "start_line": 15}, "Validators.validate_non_empty": {"executed_lines": [], "summary": {"covered_lines": 0, "num_statements": 3, "percent_covered": 0.0, "percent_covered_display": "0", "missing_lines": 3, "excluded_lines": 0, "percent_statements_covered": 0.0, "percent_statements_covered_display": "0"}, "missing_lines": [24, 25, 26], "excluded_lines": [], "start_line": 23}, "Validators.validate_schema": {"executed_lines": [], "summary": {"covered_lines": 0, "num_statements": 5, "percent_covered": 0.0, "percent_covered_display": "0", "missing_lines": 5, "excluded_lines": 0, "percent_statements_covered": 0.0, "percent_statements_covered_display": "0"}, "missing_lines": [30, 31, 32, 33, 34], "excluded_lines": [], "start_line": 29}, "": {"executed_lines": [1, 2, 3, 5, 7, 8, 14, 15, 22, 23, 28, 29], "summary": {"covered_lines": 12, "num_statements": 12, "percent_covered": 100.0, "percent_covered_display": "100", "missing_lines": 0, "excluded_lines": 0, "percent_statements_covered": 100.0, "percent_statements_covered_display": "100"}, "missing_lines": [], "excluded_lines": [], "start_line": 1}}, "classes": {"Validators": {"executed_lines": [], "summary": {"covered_lines": 0, "num_statements": 15, "percent_covered": 0.0, "percent_covered_display": "0", "missing_lines": 15, "excluded_lines": 0, "percent_statements_covered": 0.0, "percent_statements_covered_display": "0"}, "missing_lines": [9, 10, 11, 12, 16, 17, 20, 24, 25, 26, 30, 31, 32, 33, 34], "excluded_lines": [], "start_line": 5}, "": {"executed_lines": [1, 2, 3, 5, 7, 8, 14, 15, 22, 23, 28, 29], "summary": {"covered_lines": 12, "num_statements": 12, "percent_covered": 100.0, "percent_covered_display": "100", "missing_lines": 0, "excluded_lines": 0, "percent_statements_covered": 100.0, "percent_statements_covered_display": "100"}, "missing_lines": [], "excluded_lines": [], "start_line": 1}}}}, "totals": {"covered_lines": 8330, "num_statements": 16123, "percent_covered": 51.665322830738695, "percent_covered_display": "52", "missing_lines": 7793, "excluded_lines": 2, "percent_statements_covered": 51.665322830738695, "percent_statements_covered_display": "52"}}